Flow report for DLX
Mon Feb 16 15:11:20 2026
Quartus Prime Version 24.1std.0 Build 1077 03/04/2025 SC Lite Edition


---------------------
; Table of Contents ;
---------------------
  1. Legal Notice
  2. Flow Summary
  3. Flow Settings
  4. Flow Non-Default Global Settings
  5. Flow Elapsed Time
  6. Flow OS Summary
  7. Flow Log
  8. Flow Messages
  9. Flow Suppressed Messages



----------------
; Legal Notice ;
----------------
Copyright (C) 2025  Altera Corporation. All rights reserved.
Your use of Altera Corporation's design tools, logic functions 
and other software and tools, and any partner logic 
functions, and any output files from any of the foregoing 
(including device programming or simulation files), and any 
associated documentation or information are expressly subject 
to the terms and conditions of the Altera Program License 
Subscription Agreement, the Altera Quartus Prime License Agreement,
the Altera IP License Agreement, or other applicable license
agreement, including, without limitation, that your use is for
the sole purpose of programming logic devices manufactured by
Altera and sold by Altera or its authorized distributors.  Please
refer to the Altera Software License Subscription Agreements 
on the Quartus Prime software download page.



+--------------------------------------------------------------------------------------+
; Flow Summary                                                                         ;
+------------------------------------+-------------------------------------------------+
; Flow Status                        ; Successful - Mon Feb 16 15:11:20 2026           ;
; Quartus Prime Version              ; 24.1std.0 Build 1077 03/04/2025 SC Lite Edition ;
; Revision Name                      ; DLX                                             ;
; Top-level Entity Name              ; DLX                                             ;
; Family                             ; MAX 10                                          ;
; Device                             ; 10M50DAF484C7G                                  ;
; Timing Models                      ; Final                                           ;
; Total logic elements               ; 1 / 49,760 ( < 1 % )                            ;
;     Total combinational functions  ; 1 / 49,760 ( < 1 % )                            ;
;     Dedicated logic registers      ; 0 / 49,760 ( 0 % )                              ;
; Total registers                    ; 0                                               ;
; Total pins                         ; 2 / 360 ( < 1 % )                               ;
; Total virtual pins                 ; 0                                               ;
; Total memory bits                  ; 0 / 1,677,312 ( 0 % )                           ;
; Embedded Multiplier 9-bit elements ; 0 / 288 ( 0 % )                                 ;
; Total PLLs                         ; 0 / 4 ( 0 % )                                   ;
; UFM blocks                         ; 0 / 1 ( 0 % )                                   ;
; ADC blocks                         ; 0 / 2 ( 0 % )                                   ;
+------------------------------------+-------------------------------------------------+


+-----------------------------------------+
; Flow Settings                           ;
+-------------------+---------------------+
; Option            ; Setting             ;
+-------------------+---------------------+
; Start date & time ; 02/16/2026 15:11:06 ;
; Main task         ; Compilation         ;
; Revision Name     ; DLX                 ;
+-------------------+---------------------+


+------------------------------------------------------------------------------------------------------------------------------+
; Flow Non-Default Global Settings                                                                                             ;
+--------------------------------------+----------------------------------------+---------------+-------------+----------------+
; Assignment Name                      ; Value                                  ; Default Value ; Entity Name ; Section Id     ;
+--------------------------------------+----------------------------------------+---------------+-------------+----------------+
; COMPILER_SIGNATURE_ID                ; 260109155516555.177127986606022        ; --            ; --          ; --             ;
; EDA_DESIGN_INSTANCE_NAME             ; UUT                                    ; --            ; --          ; Factorial_TB   ;
; EDA_NATIVELINK_SIMULATION_TEST_BENCH ; Factorial_TB                           ; --            ; --          ; eda_simulation ;
; EDA_OUTPUT_DATA_FORMAT               ; Vhdl                                   ; --            ; --          ; eda_simulation ;
; EDA_SIMULATION_TOOL                  ; Questa Intel FPGA (VHDL)               ; <None>        ; --          ; --             ;
; EDA_TEST_BENCH_ENABLE_STATUS         ; TEST_BENCH_MODE                        ; --            ; --          ; eda_simulation ;
; EDA_TEST_BENCH_FILE                  ; Factorial_TB.vhd                       ; --            ; --          ; Factorial_TB   ;
; EDA_TEST_BENCH_MODULE_NAME           ; Factorial_TB                           ; --            ; --          ; Factorial_TB   ;
; EDA_TEST_BENCH_NAME                  ; Factorial_TB                           ; --            ; --          ; eda_simulation ;
; EDA_TEST_BENCH_RUN_SIM_FOR           ; 30 ms                                  ; --            ; --          ; Factorial_TB   ;
; EDA_TIME_SCALE                       ; 1 ps                                   ; --            ; --          ; eda_simulation ;
; MAX_CORE_JUNCTION_TEMP               ; 85                                     ; --            ; --          ; --             ;
; MIN_CORE_JUNCTION_TEMP               ; 0                                      ; --            ; --          ; --             ;
; MISC_FILE                            ; FactorialROM_inst.vhd                  ; --            ; --          ; --             ;
; MISC_FILE                            ; FactorialROM.cmp                       ; --            ; --          ; --             ;
; MISC_FILE                            ; DataMemory_inst.vhd                    ; --            ; --          ; --             ;
; MISC_FILE                            ; DataMemory.cmp                         ; --            ; --          ; --             ;
; OUTPUT_IO_TIMING_FAR_END_VMEAS       ; Half Signal Swing                      ; --            ; --          ; --             ;
; OUTPUT_IO_TIMING_FAR_END_VMEAS       ; Half Signal Swing                      ; --            ; --          ; --             ;
; OUTPUT_IO_TIMING_NEAR_END_VMEAS      ; Half Vccio                             ; --            ; --          ; --             ;
; OUTPUT_IO_TIMING_NEAR_END_VMEAS      ; Half Vccio                             ; --            ; --          ; --             ;
; PARTITION_COLOR                      ; -- (Not supported for targeted family) ; --            ; --          ; Top            ;
; PARTITION_FITTER_PRESERVATION_LEVEL  ; -- (Not supported for targeted family) ; --            ; --          ; Top            ;
; PARTITION_NETLIST_TYPE               ; -- (Not supported for targeted family) ; --            ; --          ; Top            ;
; POWER_BOARD_THERMAL_MODEL            ; None (CONSERVATIVE)                    ; --            ; --          ; --             ;
; POWER_PRESET_COOLING_SOLUTION        ; 23 MM HEAT SINK WITH 200 LFPM AIRFLOW  ; --            ; --          ; --             ;
+--------------------------------------+----------------------------------------+---------------+-------------+----------------+


+--------------------------------------------------------------------------------------------------------------------------+
; Flow Elapsed Time                                                                                                        ;
+----------------------+--------------+-------------------------+---------------------+------------------------------------+
; Module Name          ; Elapsed Time ; Average Processors Used ; Peak Virtual Memory ; Total CPU Time (on all processors) ;
+----------------------+--------------+-------------------------+---------------------+------------------------------------+
; Analysis & Synthesis ; 00:00:05     ; 1.0                     ; 436 MB              ; 00:00:12                           ;
; Fitter               ; 00:00:03     ; 1.0                     ; 1492 MB             ; 00:00:05                           ;
; Assembler            ; 00:00:02     ; 1.0                     ; 365 MB              ; 00:00:01                           ;
; Timing Analyzer      ; 00:00:01     ; 1.0                     ; 576 MB              ; 00:00:01                           ;
; EDA Netlist Writer   ; 00:00:00     ; 1.0                     ; 584 MB              ; 00:00:00                           ;
; Total                ; 00:00:11     ; --                      ; --                  ; 00:00:19                           ;
+----------------------+--------------+-------------------------+---------------------+------------------------------------+


+---------------------------------------------------------------------------------+
; Flow OS Summary                                                                 ;
+----------------------+------------------+---------+------------+----------------+
; Module Name          ; Machine Hostname ; OS Name ; OS Version ; Processor type ;
+----------------------+------------------+---------+------------+----------------+
; Analysis & Synthesis ; L001             ; Ubuntu  ; 24         ; x86_64         ;
; Fitter               ; L001             ; Ubuntu  ; 24         ; x86_64         ;
; Assembler            ; L001             ; Ubuntu  ; 24         ; x86_64         ;
; Timing Analyzer      ; L001             ; Ubuntu  ; 24         ; x86_64         ;
; EDA Netlist Writer   ; L001             ; Ubuntu  ; 24         ; x86_64         ;
+----------------------+------------------+---------+------------+----------------+


------------
; Flow Log ;
------------
quartus_map --read_settings_files=on --write_settings_files=off DLX -c DLX
quartus_fit --read_settings_files=off --write_settings_files=off DLX -c DLX
quartus_asm --read_settings_files=off --write_settings_files=off DLX -c DLX
quartus_sta DLX -c DLX
quartus_eda --read_settings_files=off --write_settings_files=off DLX -c DLX



