Analysis & Synthesis report for DLX
Tue Feb 10 21:19:04 2026
Quartus Prime Version 24.1std.0 Build 1077 03/04/2025 SC Lite Edition


---------------------
; Table of Contents ;
---------------------
  1. Legal Notice
  2. Analysis & Synthesis Summary
  3. Analysis & Synthesis Settings
  4. Parallel Compilation
  5. Analysis & Synthesis Source Files Read
  6. Analysis & Synthesis Resource Usage Summary
  7. Analysis & Synthesis Resource Utilization by Entity
  8. Analysis & Synthesis RAM Summary
  9. Analysis & Synthesis IP Cores Summary
 10. Registers Removed During Synthesis
 11. General Register Statistics
 12. Inverted Register Statistics
 13. Multiplexer Restructuring Statistics (Restructuring Performed)
 14. Source assignments for DlxFetch:fetch|FactorialROM:rom|altsyncram:altsyncram_component|altsyncram_1g24:auto_generated
 15. Parameter Settings for User Entity Instance: DlxFetch:fetch
 16. Parameter Settings for User Entity Instance: DlxFetch:fetch|ProgramCounter:pc
 17. Parameter Settings for User Entity Instance: DlxFetch:fetch|Incrementer:inc
 18. Parameter Settings for User Entity Instance: DlxFetch:fetch|TwoMux:mux
 19. Parameter Settings for User Entity Instance: DlxFetch:fetch|FactorialROM:rom|altsyncram:altsyncram_component
 20. Parameter Settings for User Entity Instance: DlxDecode:decode
 21. Parameter Settings for User Entity Instance: DlxDecode:decode|RegisterFile:reg_file
 22. Parameter Settings for User Entity Instance: DlxDecode:decode|SignExtender:sign_exten
 23. Parameter Settings for User Entity Instance: DlxExecute:execute
 24. Parameter Settings for User Entity Instance: DlxExecute:execute|TwoMux:upper_mux
 25. Parameter Settings for User Entity Instance: DlxExecute:execute|TwoMux:lower_mux
 26. Parameter Settings for User Entity Instance: DlxExecute:execute|ShouldBranch:should_branch
 27. Parameter Settings for User Entity Instance: DlxExecute:execute|ALU:alu
 28. altsyncram Parameter Settings by Entity Instance
 29. Port Connectivity Checks: "DlxExecute:execute|TwoMux:upper_mux"
 30. Post-Synthesis Netlist Statistics for Top Partition
 31. Elapsed Time Per Partition
 32. Analysis & Synthesis Messages



----------------
; Legal Notice ;
----------------
Copyright (C) 2025  Altera Corporation. All rights reserved.
Your use of Altera Corporation's design tools, logic functions 
and other software and tools, and any partner logic 
functions, and any output files from any of the foregoing 
(including device programming or simulation files), and any 
associated documentation or information are expressly subject 
to the terms and conditions of the Altera Program License 
Subscription Agreement, the Altera Quartus Prime License Agreement,
the Altera IP License Agreement, or other applicable license
agreement, including, without limitation, that your use is for
the sole purpose of programming logic devices manufactured by
Altera and sold by Altera or its authorized distributors.  Please
refer to the Altera Software License Subscription Agreements 
on the Quartus Prime software download page.



+--------------------------------------------------------------------------------------+
; Analysis & Synthesis Summary                                                         ;
+------------------------------------+-------------------------------------------------+
; Analysis & Synthesis Status        ; Successful - Tue Feb 10 21:19:04 2026           ;
; Quartus Prime Version              ; 24.1std.0 Build 1077 03/04/2025 SC Lite Edition ;
; Revision Name                      ; DLX                                             ;
; Top-level Entity Name              ; DLX                                             ;
; Family                             ; MAX 10                                          ;
; Total logic elements               ; 3,609                                           ;
;     Total combinational functions  ; 3,493                                           ;
;     Dedicated logic registers      ; 1,258                                           ;
; Total registers                    ; 1258                                            ;
; Total pins                         ; 146                                             ;
; Total virtual pins                 ; 0                                               ;
; Total memory bits                  ; 32,768                                          ;
; Embedded Multiplier 9-bit elements ; 0                                               ;
; Total PLLs                         ; 0                                               ;
; UFM blocks                         ; 0                                               ;
; ADC blocks                         ; 0                                               ;
+------------------------------------+-------------------------------------------------+


+------------------------------------------------------------------------------------------------------------+
; Analysis & Synthesis Settings                                                                              ;
+------------------------------------------------------------------+--------------------+--------------------+
; Option                                                           ; Setting            ; Default Value      ;
+------------------------------------------------------------------+--------------------+--------------------+
; Device                                                           ; 10M50DAF484C7G     ;                    ;
; Top-level entity name                                            ; DLX                ; DLX                ;
; Family name                                                      ; MAX 10             ; Cyclone V          ;
; Use smart compilation                                            ; Off                ; Off                ;
; Enable parallel Assembler and Timing Analyzer during compilation ; On                 ; On                 ;
; Enable compact report table                                      ; Off                ; Off                ;
; Restructure Multiplexers                                         ; Auto               ; Auto               ;
; Create Debugging Nodes for IP Cores                              ; Off                ; Off                ;
; Preserve fewer node names                                        ; On                 ; On                 ;
; Intel FPGA IP Evaluation Mode                                    ; Enable             ; Enable             ;
; Verilog Version                                                  ; Verilog_2001       ; Verilog_2001       ;
; VHDL Version                                                     ; VHDL_1993          ; VHDL_1993          ;
; State Machine Processing                                         ; Auto               ; Auto               ;
; Safe State Machine                                               ; Off                ; Off                ;
; Extract Verilog State Machines                                   ; On                 ; On                 ;
; Extract VHDL State Machines                                      ; On                 ; On                 ;
; Ignore Verilog initial constructs                                ; Off                ; Off                ;
; Iteration limit for constant Verilog loops                       ; 5000               ; 5000               ;
; Iteration limit for non-constant Verilog loops                   ; 250                ; 250                ;
; Add Pass-Through Logic to Inferred RAMs                          ; On                 ; On                 ;
; Infer RAMs from Raw Logic                                        ; On                 ; On                 ;
; Parallel Synthesis                                               ; On                 ; On                 ;
; DSP Block Balancing                                              ; Auto               ; Auto               ;
; NOT Gate Push-Back                                               ; On                 ; On                 ;
; Power-Up Don't Care                                              ; On                 ; On                 ;
; Remove Redundant Logic Cells                                     ; Off                ; Off                ;
; Remove Duplicate Registers                                       ; On                 ; On                 ;
; Ignore CARRY Buffers                                             ; Off                ; Off                ;
; Ignore CASCADE Buffers                                           ; Off                ; Off                ;
; Ignore GLOBAL Buffers                                            ; Off                ; Off                ;
; Ignore ROW GLOBAL Buffers                                        ; Off                ; Off                ;
; Ignore LCELL Buffers                                             ; Off                ; Off                ;
; Ignore SOFT Buffers                                              ; On                 ; On                 ;
; Limit AHDL Integers to 32 Bits                                   ; Off                ; Off                ;
; Optimization Technique                                           ; Balanced           ; Balanced           ;
; Carry Chain Length                                               ; 70                 ; 70                 ;
; Auto Carry Chains                                                ; On                 ; On                 ;
; Auto Open-Drain Pins                                             ; On                 ; On                 ;
; Perform WYSIWYG Primitive Resynthesis                            ; Off                ; Off                ;
; Auto ROM Replacement                                             ; On                 ; On                 ;
; Auto RAM Replacement                                             ; On                 ; On                 ;
; Auto DSP Block Replacement                                       ; On                 ; On                 ;
; Auto Shift Register Replacement                                  ; Auto               ; Auto               ;
; Allow Shift Register Merging across Hierarchies                  ; Auto               ; Auto               ;
; Auto Clock Enable Replacement                                    ; On                 ; On                 ;
; Strict RAM Replacement                                           ; Off                ; Off                ;
; Allow Synchronous Control Signals                                ; On                 ; On                 ;
; Force Use of Synchronous Clear Signals                           ; Off                ; Off                ;
; Auto RAM Block Balancing                                         ; On                 ; On                 ;
; Auto RAM to Logic Cell Conversion                                ; Off                ; Off                ;
; Auto Resource Sharing                                            ; Off                ; Off                ;
; Allow Any RAM Size For Recognition                               ; Off                ; Off                ;
; Allow Any ROM Size For Recognition                               ; Off                ; Off                ;
; Allow Any Shift Register Size For Recognition                    ; Off                ; Off                ;
; Use LogicLock Constraints during Resource Balancing              ; On                 ; On                 ;
; Ignore translate_off and synthesis_off directives                ; Off                ; Off                ;
; Timing-Driven Synthesis                                          ; On                 ; On                 ;
; Report Parameter Settings                                        ; On                 ; On                 ;
; Report Source Assignments                                        ; On                 ; On                 ;
; Report Connectivity Checks                                       ; On                 ; On                 ;
; Ignore Maximum Fan-Out Assignments                               ; Off                ; Off                ;
; Synchronization Register Chain Length                            ; 2                  ; 2                  ;
; Power Optimization During Synthesis                              ; Normal compilation ; Normal compilation ;
; HDL message level                                                ; Level2             ; Level2             ;
; Suppress Register Optimization Related Messages                  ; Off                ; Off                ;
; Number of Removed Registers Reported in Synthesis Report         ; 5000               ; 5000               ;
; Number of Swept Nodes Reported in Synthesis Report               ; 5000               ; 5000               ;
; Number of Inverted Registers Reported in Synthesis Report        ; 100                ; 100                ;
; Clock MUX Protection                                             ; On                 ; On                 ;
; Auto Gated Clock Conversion                                      ; Off                ; Off                ;
; Block Design Naming                                              ; Auto               ; Auto               ;
; SDC constraint protection                                        ; Off                ; Off                ;
; Synthesis Effort                                                 ; Auto               ; Auto               ;
; Shift Register Replacement - Allow Asynchronous Clear Signal     ; On                 ; On                 ;
; Pre-Mapping Resynthesis Optimization                             ; Off                ; Off                ;
; Analysis & Synthesis Message Level                               ; Medium             ; Medium             ;
; Disable Register Merging Across Hierarchies                      ; Auto               ; Auto               ;
; Resource Aware Inference For Block RAM                           ; On                 ; On                 ;
+------------------------------------------------------------------+--------------------+--------------------+


+------------------------------------------+
; Parallel Compilation                     ;
+----------------------------+-------------+
; Processors                 ; Number      ;
+----------------------------+-------------+
; Number detected on machine ; 12          ;
; Maximum allowed            ; 10          ;
;                            ;             ;
; Average used               ; 1.00        ;
; Maximum used               ; 10          ;
;                            ;             ;
; Usage by Processor         ; % Time Used ;
;     Processor 1            ; 100.0%      ;
;     Processor 2            ;   0.1%      ;
;     Processor 3            ;   0.1%      ;
;     Processor 4            ;   0.0%      ;
;     Processor 5            ;   0.0%      ;
;     Processor 6            ;   0.0%      ;
;     Processor 7            ;   0.0%      ;
;     Processor 8            ;   0.0%      ;
;     Processors 9-10        ;   0.0%      ;
+----------------------------+-------------+


+--------------------------------------------------------------------------------------------------------------------------------------------------------------------------------------------------------------------------------------------------------+
; Analysis & Synthesis Source Files Read                                                                                                                                                                                                                 ;
+-----------------------------------------------------------------------------------------+-----------------+----------------------------------------+-----------------------------------------------------------------------------------------+---------+
; File Name with User-Entered Path                                                        ; Used in Netlist ; File Type                              ; File Name with Absolute Path                                                            ; Library ;
+-----------------------------------------------------------------------------------------+-----------------+----------------------------------------+-----------------------------------------------------------------------------------------+---------+
; ALU.vhd                                                                                 ; yes             ; User VHDL File                         ; /home/ash/USU/Spring2026/ECE6740/Projects/Execute/ALU.vhd                               ;         ;
; DLX.vhd                                                                                 ; yes             ; User VHDL File                         ; /home/ash/USU/Spring2026/ECE6740/Projects/Execute/DLX.vhd                               ;         ;
; dlx_constants.vhd                                                                       ; yes             ; User VHDL File                         ; /home/ash/USU/Spring2026/ECE6740/Projects/Execute/dlx_constants.vhd                     ;         ;
; DlxDecode.vhd                                                                           ; yes             ; User VHDL File                         ; /home/ash/USU/Spring2026/ECE6740/Projects/Execute/DlxDecode.vhd                         ;         ;
; DlxExecute.vhd                                                                          ; yes             ; User VHDL File                         ; /home/ash/USU/Spring2026/ECE6740/Projects/Execute/DlxExecute.vhd                        ;         ;
; DlxFetch.vhd                                                                            ; yes             ; User VHDL File                         ; /home/ash/USU/Spring2026/ECE6740/Projects/Execute/DlxFetch.vhd                          ;         ;
; Incrementer.vhd                                                                         ; yes             ; User VHDL File                         ; /home/ash/USU/Spring2026/ECE6740/Projects/Execute/Incrementer.vhd                       ;         ;
; ProgramCounter.vhd                                                                      ; yes             ; User VHDL File                         ; /home/ash/USU/Spring2026/ECE6740/Projects/Execute/ProgramCounter.vhd                    ;         ;
; RegisterFile.vhd                                                                        ; yes             ; User VHDL File                         ; /home/ash/USU/Spring2026/ECE6740/Projects/Execute/RegisterFile.vhd                      ;         ;
; ShouldBranch.vhd                                                                        ; yes             ; User VHDL File                         ; /home/ash/USU/Spring2026/ECE6740/Projects/Execute/ShouldBranch.vhd                      ;         ;
; SignExtender.vhd                                                                        ; yes             ; User VHDL File                         ; /home/ash/USU/Spring2026/ECE6740/Projects/Execute/SignExtender.vhd                      ;         ;
; TwoMux.vhd                                                                              ; yes             ; User VHDL File                         ; /home/ash/USU/Spring2026/ECE6740/Projects/Execute/TwoMux.vhd                            ;         ;
; FactorialROM.vhd                                                                        ; yes             ; User Wizard-Generated File             ; /home/ash/USU/Spring2026/ECE6740/Projects/Execute/FactorialROM.vhd                      ;         ;
; altsyncram.tdf                                                                          ; yes             ; Megafunction                           ; /home/ash/intelFPGA_Lite/quartus/libraries/megafunctions/altsyncram.tdf                 ;         ;
; stratix_ram_block.inc                                                                   ; yes             ; Megafunction                           ; /home/ash/intelFPGA_Lite/quartus/libraries/megafunctions/stratix_ram_block.inc          ;         ;
; lpm_mux.inc                                                                             ; yes             ; Megafunction                           ; /home/ash/intelFPGA_Lite/quartus/libraries/megafunctions/lpm_mux.inc                    ;         ;
; lpm_decode.inc                                                                          ; yes             ; Megafunction                           ; /home/ash/intelFPGA_Lite/quartus/libraries/megafunctions/lpm_decode.inc                 ;         ;
; aglobal241.inc                                                                          ; yes             ; Megafunction                           ; /home/ash/intelFPGA_Lite/quartus/libraries/megafunctions/aglobal241.inc                 ;         ;
; a_rdenreg.inc                                                                           ; yes             ; Megafunction                           ; /home/ash/intelFPGA_Lite/quartus/libraries/megafunctions/a_rdenreg.inc                  ;         ;
; altrom.inc                                                                              ; yes             ; Megafunction                           ; /home/ash/intelFPGA_Lite/quartus/libraries/megafunctions/altrom.inc                     ;         ;
; altram.inc                                                                              ; yes             ; Megafunction                           ; /home/ash/intelFPGA_Lite/quartus/libraries/megafunctions/altram.inc                     ;         ;
; altdpram.inc                                                                            ; yes             ; Megafunction                           ; /home/ash/intelFPGA_Lite/quartus/libraries/megafunctions/altdpram.inc                   ;         ;
; db/altsyncram_1g24.tdf                                                                  ; yes             ; Auto-Generated Megafunction            ; /home/ash/USU/Spring2026/ECE6740/Projects/Execute/db/altsyncram_1g24.tdf                ;         ;
; /home/ash/USU/Spring2026/ECE6740/Projects/DLX_Assembler/assembly/instruct_factorial.mif ; yes             ; Auto-Found Memory Initialization File  ; /home/ash/USU/Spring2026/ECE6740/Projects/DLX_Assembler/assembly/instruct_factorial.mif ;         ;
+-----------------------------------------------------------------------------------------+-----------------+----------------------------------------+-----------------------------------------------------------------------------------------+---------+


+---------------------------------------------------------+
; Analysis & Synthesis Resource Usage Summary             ;
+---------------------------------------------+-----------+
; Resource                                    ; Usage     ;
+---------------------------------------------+-----------+
; Estimated Total logic elements              ; 3,609     ;
;                                             ;           ;
; Total combinational functions               ; 3493      ;
; Logic element usage by number of LUT inputs ;           ;
;     -- 4 input functions                    ; 1992      ;
;     -- 3 input functions                    ; 1420      ;
;     -- <=2 input functions                  ; 81        ;
;                                             ;           ;
; Logic elements by mode                      ;           ;
;     -- normal mode                          ; 3328      ;
;     -- arithmetic mode                      ; 165       ;
;                                             ;           ;
; Total registers                             ; 1258      ;
;     -- Dedicated logic registers            ; 1258      ;
;     -- I/O registers                        ; 0         ;
;                                             ;           ;
; I/O pins                                    ; 146       ;
; Total memory bits                           ; 32768     ;
;                                             ;           ;
; Embedded Multiplier 9-bit elements          ; 0         ;
;                                             ;           ;
; Maximum fan-out node                        ; CLK~input ;
; Maximum fan-out                             ; 1290      ;
; Total fan-out                               ; 15666     ;
; Average fan-out                             ; 3.09      ;
+---------------------------------------------+-----------+


+------------------------------------------------------------------------------------------------------------------------------------------------------------------------------------------------------------------------------------------------------------------------------------------------------------------------------------------+
; Analysis & Synthesis Resource Utilization by Entity                                                                                                                                                                                                                                                                                      ;
+----------------------------------------------+---------------------+---------------------------+-------------+------------+--------------+---------+-----------+------+--------------+------------+-----------------------------------------------------------------------------------------------------+-----------------+--------------+
; Compilation Hierarchy Node                   ; Combinational ALUTs ; Dedicated Logic Registers ; Memory Bits ; UFM Blocks ; DSP Elements ; DSP 9x9 ; DSP 18x18 ; Pins ; Virtual Pins ; ADC blocks ; Full Hierarchy Name                                                                                 ; Entity Name     ; Library Name ;
+----------------------------------------------+---------------------+---------------------------+-------------+------------+--------------+---------+-----------+------+--------------+------------+-----------------------------------------------------------------------------------------------------+-----------------+--------------+
; |DLX                                         ; 3493 (32)           ; 1258 (0)                  ; 32768       ; 0          ; 0            ; 0       ; 0         ; 146  ; 0            ; 0          ; |DLX                                                                                                ; DLX             ; work         ;
;    |DlxDecode:decode|                        ; 2392 (0)            ; 1131 (43)                 ; 0           ; 0          ; 0            ; 0       ; 0         ; 0    ; 0            ; 0          ; |DLX|DlxDecode:decode                                                                               ; DlxDecode       ; work         ;
;       |RegisterFile:reg_file|                ; 2387 (2387)         ; 1088 (1088)               ; 0           ; 0          ; 0            ; 0       ; 0         ; 0    ; 0            ; 0          ; |DLX|DlxDecode:decode|RegisterFile:reg_file                                                         ; RegisterFile    ; work         ;
;       |SignExtender:sign_exten|              ; 5 (5)               ; 0 (0)                     ; 0           ; 0          ; 0            ; 0       ; 0         ; 0    ; 0            ; 0          ; |DLX|DlxDecode:decode|SignExtender:sign_exten                                                       ; SignExtender    ; work         ;
;    |DlxExecute:execute|                      ; 1029 (72)           ; 107 (107)                 ; 0           ; 0          ; 0            ; 0       ; 0         ; 0    ; 0            ; 0          ; |DLX|DlxExecute:execute                                                                             ; DlxExecute      ; work         ;
;       |ALU:alu|                              ; 879 (879)           ; 0 (0)                     ; 0           ; 0          ; 0            ; 0       ; 0         ; 0    ; 0            ; 0          ; |DLX|DlxExecute:execute|ALU:alu                                                                     ; ALU             ; work         ;
;       |ShouldBranch:should_branch|           ; 14 (14)             ; 0 (0)                     ; 0           ; 0          ; 0            ; 0       ; 0         ; 0    ; 0            ; 0          ; |DLX|DlxExecute:execute|ShouldBranch:should_branch                                                  ; ShouldBranch    ; work         ;
;       |TwoMux:lower_mux|                     ; 32 (32)             ; 0 (0)                     ; 0           ; 0          ; 0            ; 0       ; 0         ; 0    ; 0            ; 0          ; |DLX|DlxExecute:execute|TwoMux:lower_mux                                                            ; TwoMux          ; work         ;
;       |TwoMux:upper_mux|                     ; 32 (32)             ; 0 (0)                     ; 0           ; 0          ; 0            ; 0       ; 0         ; 0    ; 0            ; 0          ; |DLX|DlxExecute:execute|TwoMux:upper_mux                                                            ; TwoMux          ; work         ;
;    |DlxFetch:fetch|                          ; 40 (0)              ; 20 (10)                   ; 32768       ; 0          ; 0            ; 0       ; 0         ; 0    ; 0            ; 0          ; |DLX|DlxFetch:fetch                                                                                 ; DlxFetch        ; work         ;
;       |FactorialROM:rom|                     ; 0 (0)               ; 0 (0)                     ; 32768       ; 0          ; 0            ; 0       ; 0         ; 0    ; 0            ; 0          ; |DLX|DlxFetch:fetch|FactorialROM:rom                                                                ; FactorialROM    ; work         ;
;          |altsyncram:altsyncram_component|   ; 0 (0)               ; 0 (0)                     ; 32768       ; 0          ; 0            ; 0       ; 0         ; 0    ; 0            ; 0          ; |DLX|DlxFetch:fetch|FactorialROM:rom|altsyncram:altsyncram_component                                ; altsyncram      ; work         ;
;             |altsyncram_1g24:auto_generated| ; 0 (0)               ; 0 (0)                     ; 32768       ; 0          ; 0            ; 0       ; 0         ; 0    ; 0            ; 0          ; |DLX|DlxFetch:fetch|FactorialROM:rom|altsyncram:altsyncram_component|altsyncram_1g24:auto_generated ; altsyncram_1g24 ; work         ;
;       |Incrementer:inc|                      ; 20 (20)             ; 0 (0)                     ; 0           ; 0          ; 0            ; 0       ; 0         ; 0    ; 0            ; 0          ; |DLX|DlxFetch:fetch|Incrementer:inc                                                                 ; Incrementer     ; work         ;
;       |ProgramCounter:pc|                    ; 20 (20)             ; 10 (10)                   ; 0           ; 0          ; 0            ; 0       ; 0         ; 0    ; 0            ; 0          ; |DLX|DlxFetch:fetch|ProgramCounter:pc                                                               ; ProgramCounter  ; work         ;
+----------------------------------------------+---------------------+---------------------------+-------------+------------+--------------+---------+-----------+------+--------------+------------+-----------------------------------------------------------------------------------------------------+-----------------+--------------+
Note: For table entries with two numbers listed, the numbers in parentheses indicate the number of resources of the given type used by the specific entity alone. The numbers listed outside of parentheses indicate the total resources of the given type used by the specific entity and all of its sub-entities in the hierarchy.


+---------------------------------------------------------------------------------------------------------------------------------------------------------------------------------------------------------------------------------------------------------------------------------------+
; Analysis & Synthesis RAM Summary                                                                                                                                                                                                                                                      ;
+-----------------------------------------------------------------------------------------------------------+------+------+--------------+--------------+--------------+--------------+-------+-----------------------------------------------------------------------------------------+
; Name                                                                                                      ; Type ; Mode ; Port A Depth ; Port A Width ; Port B Depth ; Port B Width ; Size  ; MIF                                                                                     ;
+-----------------------------------------------------------------------------------------------------------+------+------+--------------+--------------+--------------+--------------+-------+-----------------------------------------------------------------------------------------+
; DlxFetch:fetch|FactorialROM:rom|altsyncram:altsyncram_component|altsyncram_1g24:auto_generated|ALTSYNCRAM ; AUTO ; ROM  ; 1024         ; 32           ; --           ; --           ; 32768 ; /home/ash/USU/Spring2026/ECE6740/Projects/DLX_Assembler/assembly/instruct_factorial.mif ;
+-----------------------------------------------------------------------------------------------------------+------+------+--------------+--------------+--------------+--------------+-------+-----------------------------------------------------------------------------------------+


+-------------------------------------------------------------------------------------------------------------------------+
; Analysis & Synthesis IP Cores Summary                                                                                   ;
+--------+--------------+---------+--------------+--------------+--------------------------------------+------------------+
; Vendor ; IP Core Name ; Version ; Release Date ; License Type ; Entity Instance                      ; IP Include File  ;
+--------+--------------+---------+--------------+--------------+--------------------------------------+------------------+
; Altera ; ROM: 1-PORT  ; 24.1    ; N/A          ; N/A          ; |DLX|DlxFetch:fetch|FactorialROM:rom ; FactorialROM.vhd ;
+--------+--------------+---------+--------------+--------------+--------------------------------------+------------------+


+-----------------------------------------------------------------------------------+
; Registers Removed During Synthesis                                                ;
+----------------------------------------+------------------------------------------+
; Register name                          ; Reason for Removal                       ;
+----------------------------------------+------------------------------------------+
; DlxDecode:decode|IMM[15]               ; Merged with DlxDecode:decode|INS_OUT[15] ;
; DlxDecode:decode|IMM[14]               ; Merged with DlxDecode:decode|INS_OUT[14] ;
; DlxDecode:decode|IMM[13]               ; Merged with DlxDecode:decode|INS_OUT[13] ;
; DlxDecode:decode|IMM[12]               ; Merged with DlxDecode:decode|INS_OUT[12] ;
; DlxDecode:decode|IMM[11]               ; Merged with DlxDecode:decode|INS_OUT[11] ;
; DlxDecode:decode|IMM[10]               ; Merged with DlxDecode:decode|INS_OUT[10] ;
; DlxDecode:decode|IMM[9]                ; Merged with DlxDecode:decode|INS_OUT[9]  ;
; DlxDecode:decode|IMM[8]                ; Merged with DlxDecode:decode|INS_OUT[8]  ;
; DlxDecode:decode|IMM[7]                ; Merged with DlxDecode:decode|INS_OUT[7]  ;
; DlxDecode:decode|IMM[6]                ; Merged with DlxDecode:decode|INS_OUT[6]  ;
; DlxDecode:decode|IMM[5]                ; Merged with DlxDecode:decode|INS_OUT[5]  ;
; DlxDecode:decode|IMM[4]                ; Merged with DlxDecode:decode|INS_OUT[4]  ;
; DlxDecode:decode|IMM[3]                ; Merged with DlxDecode:decode|INS_OUT[3]  ;
; DlxDecode:decode|IMM[2]                ; Merged with DlxDecode:decode|INS_OUT[2]  ;
; DlxDecode:decode|IMM[1]                ; Merged with DlxDecode:decode|INS_OUT[1]  ;
; DlxDecode:decode|IMM[0]                ; Merged with DlxDecode:decode|INS_OUT[0]  ;
; DlxDecode:decode|IMM[17..31]           ; Merged with DlxDecode:decode|IMM[16]     ;
; Total Number of Removed Registers = 31 ;                                          ;
+----------------------------------------+------------------------------------------+


+------------------------------------------------------+
; General Register Statistics                          ;
+----------------------------------------------+-------+
; Statistic                                    ; Value ;
+----------------------------------------------+-------+
; Total registers                              ; 1258  ;
; Number of registers using Synchronous Clear  ; 1     ;
; Number of registers using Synchronous Load   ; 8     ;
; Number of registers using Asynchronous Clear ; 160   ;
; Number of registers using Asynchronous Load  ; 0     ;
; Number of registers using Clock Enable       ; 0     ;
; Number of registers using Preset             ; 0     ;
+----------------------------------------------+-------+


+-----------------------------------------------------------+
; Inverted Register Statistics                              ;
+-------------------------------------------------+---------+
; Inverted Register                               ; Fan out ;
+-------------------------------------------------+---------+
; DlxFetch:fetch|ProgramCounter:pc|OUT_ADDRESS[0] ; 2       ;
; DlxFetch:fetch|ProgramCounter:pc|OUT_ADDRESS[1] ; 2       ;
; DlxFetch:fetch|ProgramCounter:pc|OUT_ADDRESS[2] ; 2       ;
; DlxFetch:fetch|ProgramCounter:pc|OUT_ADDRESS[3] ; 2       ;
; DlxFetch:fetch|ProgramCounter:pc|OUT_ADDRESS[4] ; 2       ;
; DlxFetch:fetch|ProgramCounter:pc|OUT_ADDRESS[5] ; 2       ;
; DlxFetch:fetch|ProgramCounter:pc|OUT_ADDRESS[6] ; 2       ;
; DlxFetch:fetch|ProgramCounter:pc|OUT_ADDRESS[7] ; 2       ;
; DlxFetch:fetch|ProgramCounter:pc|OUT_ADDRESS[8] ; 2       ;
; DlxFetch:fetch|ProgramCounter:pc|OUT_ADDRESS[9] ; 2       ;
; Total number of inverted registers = 10         ;         ;
+-------------------------------------------------+---------+


+----------------------------------------------------------------------------------------------------------------------------------------------------+
; Multiplexer Restructuring Statistics (Restructuring Performed)                                                                                     ;
+--------------------+-----------+---------------+----------------------+------------------------+------------+--------------------------------------+
; Multiplexer Inputs ; Bus Width ; Baseline Area ; Area if Restructured ; Saving if Restructured ; Registered ; Example Multiplexer Output           ;
+--------------------+-----------+---------------+----------------------+------------------------+------------+--------------------------------------+
; 33:1               ; 7 bits    ; 154 LEs       ; 56 LEs               ; 98 LEs                 ; Yes        ; |DLX|DlxExecute:execute|ALU_OUT[22]  ;
; 32:1               ; 7 bits    ; 147 LEs       ; 56 LEs               ; 91 LEs                 ; Yes        ; |DLX|DlxExecute:execute|ALU_OUT[13]  ;
; 34:1               ; 4 bits    ; 88 LEs        ; 36 LEs               ; 52 LEs                 ; Yes        ; |DLX|DlxExecute:execute|ALU_OUT[24]  ;
; 33:1               ; 4 bits    ; 88 LEs        ; 36 LEs               ; 52 LEs                 ; Yes        ; |DLX|DlxExecute:execute|ALU_OUT[5]   ;
; 35:1               ; 2 bits    ; 46 LEs        ; 20 LEs               ; 26 LEs                 ; Yes        ; |DLX|DlxExecute:execute|ALU_OUT[28]  ;
; 34:1               ; 2 bits    ; 44 LEs        ; 20 LEs               ; 24 LEs                 ; Yes        ; |DLX|DlxExecute:execute|ALU_OUT[2]   ;
; 6:1                ; 31 bits   ; 124 LEs       ; 31 LEs               ; 93 LEs                 ; No         ; |DLX|DlxExecute:execute|ALU:alu|Add0 ;
; 4:1                ; 31 bits   ; 62 LEs        ; 0 LEs                ; 62 LEs                 ; No         ; |DLX|DlxExecute:execute|ALU:alu|Add0 ;
+--------------------+-----------+---------------+----------------------+------------------------+------------+--------------------------------------+


+-----------------------------------------------------------------------------------------------------------------------+
; Source assignments for DlxFetch:fetch|FactorialROM:rom|altsyncram:altsyncram_component|altsyncram_1g24:auto_generated ;
+---------------------------------+--------------------+------+---------------------------------------------------------+
; Assignment                      ; Value              ; From ; To                                                      ;
+---------------------------------+--------------------+------+---------------------------------------------------------+
; OPTIMIZE_POWER_DURING_SYNTHESIS ; NORMAL_COMPILATION ; -    ; -                                                       ;
+---------------------------------+--------------------+------+---------------------------------------------------------+


+-------------------------------------------------------------+
; Parameter Settings for User Entity Instance: DlxFetch:fetch ;
+----------------+-------+------------------------------------+
; Parameter Name ; Value ; Type                               ;
+----------------+-------+------------------------------------+
; ins_width      ; 32    ; Signed Integer                     ;
; addr_width     ; 10    ; Signed Integer                     ;
+----------------+-------+------------------------------------+
Note: In order to hide this table in the UI and the text report file, please set the "Show Parameter Settings in Synthesis Report" option in "Analysis and Synthesis Settings -> More Settings" to "Off".


+-------------------------------------------------------------------------------+
; Parameter Settings for User Entity Instance: DlxFetch:fetch|ProgramCounter:pc ;
+----------------+-------+------------------------------------------------------+
; Parameter Name ; Value ; Type                                                 ;
+----------------+-------+------------------------------------------------------+
; width          ; 10    ; Signed Integer                                       ;
+----------------+-------+------------------------------------------------------+
Note: In order to hide this table in the UI and the text report file, please set the "Show Parameter Settings in Synthesis Report" option in "Analysis and Synthesis Settings -> More Settings" to "Off".


+-----------------------------------------------------------------------------+
; Parameter Settings for User Entity Instance: DlxFetch:fetch|Incrementer:inc ;
+----------------+-------+----------------------------------------------------+
; Parameter Name ; Value ; Type                                               ;
+----------------+-------+----------------------------------------------------+
; width          ; 10    ; Signed Integer                                     ;
+----------------+-------+----------------------------------------------------+
Note: In order to hide this table in the UI and the text report file, please set the "Show Parameter Settings in Synthesis Report" option in "Analysis and Synthesis Settings -> More Settings" to "Off".


+------------------------------------------------------------------------+
; Parameter Settings for User Entity Instance: DlxFetch:fetch|TwoMux:mux ;
+----------------+-------+-----------------------------------------------+
; Parameter Name ; Value ; Type                                          ;
+----------------+-------+-----------------------------------------------+
; width          ; 10    ; Signed Integer                                ;
+----------------+-------+-----------------------------------------------+
Note: In order to hide this table in the UI and the text report file, please set the "Show Parameter Settings in Synthesis Report" option in "Analysis and Synthesis Settings -> More Settings" to "Off".


+-----------------------------------------------------------------------------------------------------------------------------------------------+
; Parameter Settings for User Entity Instance: DlxFetch:fetch|FactorialROM:rom|altsyncram:altsyncram_component                                  ;
+------------------------------------+-----------------------------------------------------------------------------------------+----------------+
; Parameter Name                     ; Value                                                                                   ; Type           ;
+------------------------------------+-----------------------------------------------------------------------------------------+----------------+
; BYTE_SIZE_BLOCK                    ; 8                                                                                       ; Untyped        ;
; AUTO_CARRY_CHAINS                  ; ON                                                                                      ; AUTO_CARRY     ;
; IGNORE_CARRY_BUFFERS               ; OFF                                                                                     ; IGNORE_CARRY   ;
; AUTO_CASCADE_CHAINS                ; ON                                                                                      ; AUTO_CASCADE   ;
; IGNORE_CASCADE_BUFFERS             ; OFF                                                                                     ; IGNORE_CASCADE ;
; WIDTH_BYTEENA                      ; 1                                                                                       ; Untyped        ;
; OPERATION_MODE                     ; ROM                                                                                     ; Untyped        ;
; WIDTH_A                            ; 32                                                                                      ; Signed Integer ;
; WIDTHAD_A                          ; 10                                                                                      ; Signed Integer ;
; NUMWORDS_A                         ; 1024                                                                                    ; Signed Integer ;
; OUTDATA_REG_A                      ; UNREGISTERED                                                                            ; Untyped        ;
; ADDRESS_ACLR_A                     ; NONE                                                                                    ; Untyped        ;
; OUTDATA_ACLR_A                     ; NONE                                                                                    ; Untyped        ;
; WRCONTROL_ACLR_A                   ; NONE                                                                                    ; Untyped        ;
; INDATA_ACLR_A                      ; NONE                                                                                    ; Untyped        ;
; BYTEENA_ACLR_A                     ; NONE                                                                                    ; Untyped        ;
; WIDTH_B                            ; 1                                                                                       ; Signed Integer ;
; WIDTHAD_B                          ; 1                                                                                       ; Signed Integer ;
; NUMWORDS_B                         ; 0                                                                                       ; Signed Integer ;
; INDATA_REG_B                       ; CLOCK1                                                                                  ; Untyped        ;
; WRCONTROL_WRADDRESS_REG_B          ; CLOCK1                                                                                  ; Untyped        ;
; RDCONTROL_REG_B                    ; CLOCK1                                                                                  ; Untyped        ;
; ADDRESS_REG_B                      ; CLOCK1                                                                                  ; Untyped        ;
; OUTDATA_REG_B                      ; UNREGISTERED                                                                            ; Untyped        ;
; BYTEENA_REG_B                      ; CLOCK1                                                                                  ; Untyped        ;
; INDATA_ACLR_B                      ; NONE                                                                                    ; Untyped        ;
; WRCONTROL_ACLR_B                   ; NONE                                                                                    ; Untyped        ;
; ADDRESS_ACLR_B                     ; NONE                                                                                    ; Untyped        ;
; OUTDATA_ACLR_B                     ; NONE                                                                                    ; Untyped        ;
; RDCONTROL_ACLR_B                   ; NONE                                                                                    ; Untyped        ;
; BYTEENA_ACLR_B                     ; NONE                                                                                    ; Untyped        ;
; WIDTH_BYTEENA_A                    ; 1                                                                                       ; Signed Integer ;
; WIDTH_BYTEENA_B                    ; 1                                                                                       ; Signed Integer ;
; RAM_BLOCK_TYPE                     ; AUTO                                                                                    ; Untyped        ;
; BYTE_SIZE                          ; 8                                                                                       ; Signed Integer ;
; READ_DURING_WRITE_MODE_MIXED_PORTS ; DONT_CARE                                                                               ; Untyped        ;
; READ_DURING_WRITE_MODE_PORT_A      ; NEW_DATA_NO_NBE_READ                                                                    ; Untyped        ;
; READ_DURING_WRITE_MODE_PORT_B      ; NEW_DATA_NO_NBE_READ                                                                    ; Untyped        ;
; INIT_FILE                          ; /home/ash/USU/Spring2026/ECE6740/Projects/DLX_Assembler/assembly/instruct_factorial.mif ; Untyped        ;
; INIT_FILE_LAYOUT                   ; PORT_A                                                                                  ; Untyped        ;
; MAXIMUM_DEPTH                      ; 0                                                                                       ; Signed Integer ;
; CLOCK_ENABLE_INPUT_A               ; BYPASS                                                                                  ; Untyped        ;
; CLOCK_ENABLE_INPUT_B               ; NORMAL                                                                                  ; Untyped        ;
; CLOCK_ENABLE_OUTPUT_A              ; BYPASS                                                                                  ; Untyped        ;
; CLOCK_ENABLE_OUTPUT_B              ; NORMAL                                                                                  ; Untyped        ;
; CLOCK_ENABLE_CORE_A                ; USE_INPUT_CLKEN                                                                         ; Untyped        ;
; CLOCK_ENABLE_CORE_B                ; USE_INPUT_CLKEN                                                                         ; Untyped        ;
; ENABLE_ECC                         ; FALSE                                                                                   ; Untyped        ;
; ECC_PIPELINE_STAGE_ENABLED         ; FALSE                                                                                   ; Untyped        ;
; WIDTH_ECCSTATUS                    ; 3                                                                                       ; Signed Integer ;
; DEVICE_FAMILY                      ; MAX 10                                                                                  ; Untyped        ;
; CBXI_PARAMETER                     ; altsyncram_1g24                                                                         ; Untyped        ;
+------------------------------------+-----------------------------------------------------------------------------------------+----------------+
Note: In order to hide this table in the UI and the text report file, please set the "Show Parameter Settings in Synthesis Report" option in "Analysis and Synthesis Settings -> More Settings" to "Off".


+---------------------------------------------------------------+
; Parameter Settings for User Entity Instance: DlxDecode:decode ;
+----------------+-------+--------------------------------------+
; Parameter Name ; Value ; Type                                 ;
+----------------+-------+--------------------------------------+
; addr_width     ; 10    ; Signed Integer                       ;
; data_width     ; 32    ; Signed Integer                       ;
; ins_width      ; 32    ; Signed Integer                       ;
; reg_addr_width ; 5     ; Signed Integer                       ;
+----------------+-------+--------------------------------------+
Note: In order to hide this table in the UI and the text report file, please set the "Show Parameter Settings in Synthesis Report" option in "Analysis and Synthesis Settings -> More Settings" to "Off".


+-------------------------------------------------------------------------------------+
; Parameter Settings for User Entity Instance: DlxDecode:decode|RegisterFile:reg_file ;
+----------------+-------+------------------------------------------------------------+
; Parameter Name ; Value ; Type                                                       ;
+----------------+-------+------------------------------------------------------------+
; addr_width     ; 5     ; Signed Integer                                             ;
; data_width     ; 32    ; Signed Integer                                             ;
; num_reg        ; 32    ; Signed Integer                                             ;
+----------------+-------+------------------------------------------------------------+
Note: In order to hide this table in the UI and the text report file, please set the "Show Parameter Settings in Synthesis Report" option in "Analysis and Synthesis Settings -> More Settings" to "Off".


+---------------------------------------------------------------------------------------+
; Parameter Settings for User Entity Instance: DlxDecode:decode|SignExtender:sign_exten ;
+----------------+-------+--------------------------------------------------------------+
; Parameter Name ; Value ; Type                                                         ;
+----------------+-------+--------------------------------------------------------------+
; imm_width      ; 16    ; Signed Integer                                               ;
; data_width     ; 32    ; Signed Integer                                               ;
+----------------+-------+--------------------------------------------------------------+
Note: In order to hide this table in the UI and the text report file, please set the "Show Parameter Settings in Synthesis Report" option in "Analysis and Synthesis Settings -> More Settings" to "Off".


+-----------------------------------------------------------------+
; Parameter Settings for User Entity Instance: DlxExecute:execute ;
+----------------+-------+----------------------------------------+
; Parameter Name ; Value ; Type                                   ;
+----------------+-------+----------------------------------------+
; data_width     ; 32    ; Signed Integer                         ;
; ins_width      ; 32    ; Signed Integer                         ;
; addr_width     ; 10    ; Signed Integer                         ;
+----------------+-------+----------------------------------------+
Note: In order to hide this table in the UI and the text report file, please set the "Show Parameter Settings in Synthesis Report" option in "Analysis and Synthesis Settings -> More Settings" to "Off".


+----------------------------------------------------------------------------------+
; Parameter Settings for User Entity Instance: DlxExecute:execute|TwoMux:upper_mux ;
+----------------+-------+---------------------------------------------------------+
; Parameter Name ; Value ; Type                                                    ;
+----------------+-------+---------------------------------------------------------+
; width          ; 32    ; Signed Integer                                          ;
+----------------+-------+---------------------------------------------------------+
Note: In order to hide this table in the UI and the text report file, please set the "Show Parameter Settings in Synthesis Report" option in "Analysis and Synthesis Settings -> More Settings" to "Off".


+----------------------------------------------------------------------------------+
; Parameter Settings for User Entity Instance: DlxExecute:execute|TwoMux:lower_mux ;
+----------------+-------+---------------------------------------------------------+
; Parameter Name ; Value ; Type                                                    ;
+----------------+-------+---------------------------------------------------------+
; width          ; 32    ; Signed Integer                                          ;
+----------------+-------+---------------------------------------------------------+
Note: In order to hide this table in the UI and the text report file, please set the "Show Parameter Settings in Synthesis Report" option in "Analysis and Synthesis Settings -> More Settings" to "Off".


+--------------------------------------------------------------------------------------------+
; Parameter Settings for User Entity Instance: DlxExecute:execute|ShouldBranch:should_branch ;
+----------------+-------+-------------------------------------------------------------------+
; Parameter Name ; Value ; Type                                                              ;
+----------------+-------+-------------------------------------------------------------------+
; data_width     ; 32    ; Signed Integer                                                    ;
+----------------+-------+-------------------------------------------------------------------+
Note: In order to hide this table in the UI and the text report file, please set the "Show Parameter Settings in Synthesis Report" option in "Analysis and Synthesis Settings -> More Settings" to "Off".


+-------------------------------------------------------------------------+
; Parameter Settings for User Entity Instance: DlxExecute:execute|ALU:alu ;
+----------------+-------+------------------------------------------------+
; Parameter Name ; Value ; Type                                           ;
+----------------+-------+------------------------------------------------+
; data_width     ; 32    ; Signed Integer                                 ;
+----------------+-------+------------------------------------------------+
Note: In order to hide this table in the UI and the text report file, please set the "Show Parameter Settings in Synthesis Report" option in "Analysis and Synthesis Settings -> More Settings" to "Off".


+-------------------------------------------------------------------------------------------------------------+
; altsyncram Parameter Settings by Entity Instance                                                            ;
+-------------------------------------------+-----------------------------------------------------------------+
; Name                                      ; Value                                                           ;
+-------------------------------------------+-----------------------------------------------------------------+
; Number of entity instances                ; 1                                                               ;
; Entity Instance                           ; DlxFetch:fetch|FactorialROM:rom|altsyncram:altsyncram_component ;
;     -- OPERATION_MODE                     ; ROM                                                             ;
;     -- WIDTH_A                            ; 32                                                              ;
;     -- NUMWORDS_A                         ; 1024                                                            ;
;     -- OUTDATA_REG_A                      ; UNREGISTERED                                                    ;
;     -- WIDTH_B                            ; 1                                                               ;
;     -- NUMWORDS_B                         ; 0                                                               ;
;     -- ADDRESS_REG_B                      ; CLOCK1                                                          ;
;     -- OUTDATA_REG_B                      ; UNREGISTERED                                                    ;
;     -- RAM_BLOCK_TYPE                     ; AUTO                                                            ;
;     -- READ_DURING_WRITE_MODE_MIXED_PORTS ; DONT_CARE                                                       ;
+-------------------------------------------+-----------------------------------------------------------------+


+-----------------------------------------------------------------+
; Port Connectivity Checks: "DlxExecute:execute|TwoMux:upper_mux" ;
+------------------+-------+----------+---------------------------+
; Port             ; Type  ; Severity ; Details                   ;
+------------------+-------+----------+---------------------------+
; data_one[31..10] ; Input ; Info     ; Stuck at GND              ;
+------------------+-------+----------+---------------------------+


+-----------------------------------------------------+
; Post-Synthesis Netlist Statistics for Top Partition ;
+-----------------------+-----------------------------+
; Type                  ; Count                       ;
+-----------------------+-----------------------------+
; boundary_port         ; 146                         ;
; cycloneiii_ff         ; 1258                        ;
;     CLR               ; 151                         ;
;     CLR SCLR          ; 1                           ;
;     CLR SLD           ; 8                           ;
;     plain             ; 1098                        ;
; cycloneiii_lcell_comb ; 3493                        ;
;     arith             ; 165                         ;
;         2 data inputs ; 9                           ;
;         3 data inputs ; 156                         ;
;     normal            ; 3328                        ;
;         1 data inputs ; 21                          ;
;         2 data inputs ; 51                          ;
;         3 data inputs ; 1264                        ;
;         4 data inputs ; 1992                        ;
; cycloneiii_ram_block  ; 32                          ;
;                       ;                             ;
; Max LUT depth         ; 15.00                       ;
; Average LUT depth     ; 7.61                        ;
+-----------------------+-----------------------------+


+-------------------------------+
; Elapsed Time Per Partition    ;
+----------------+--------------+
; Partition Name ; Elapsed Time ;
+----------------+--------------+
; Top            ; 00:00:12     ;
+----------------+--------------+


+-------------------------------+
; Analysis & Synthesis Messages ;
+-------------------------------+
Info: *******************************************************************
Info: Running Quartus Prime Analysis & Synthesis
    Info: Version 24.1std.0 Build 1077 03/04/2025 SC Lite Edition
    Info: Processing started: Tue Feb 10 21:18:43 2026
Info: Command: quartus_map --read_settings_files=on --write_settings_files=off DLX -c DLX
Warning (18236): Number of processors has not been specified which may cause overloading on shared machines.  Set the global assignment NUM_PARALLEL_PROCESSORS in your QSF to an appropriate value for best performance.
Info (20030): Parallel compilation is enabled and will use 10 of the 10 processors detected
Info (12021): Found 2 design units, including 1 entities, in source file ALU.vhd
    Info (12022): Found design unit 1: ALU-behavior File: /home/ash/USU/Spring2026/ECE6740/Projects/Execute/ALU.vhd Line: 18
    Info (12023): Found entity 1: ALU File: /home/ash/USU/Spring2026/ECE6740/Projects/Execute/ALU.vhd Line: 6
Info (12021): Found 2 design units, including 1 entities, in source file DLX.vhd
    Info (12022): Found design unit 1: DLX-behavior File: /home/ash/USU/Spring2026/ECE6740/Projects/Execute/DLX.vhd Line: 20
    Info (12023): Found entity 1: DLX File: /home/ash/USU/Spring2026/ECE6740/Projects/Execute/DLX.vhd Line: 6
Info (12021): Found 2 design units, including 0 entities, in source file dlx_constants.vhd
    Info (12022): Found design unit 1: dlx_constants File: /home/ash/USU/Spring2026/ECE6740/Projects/Execute/dlx_constants.vhd Line: 5
    Info (12022): Found design unit 2: dlx_constants-body File: /home/ash/USU/Spring2026/ECE6740/Projects/Execute/dlx_constants.vhd Line: 90
Info (12021): Found 2 design units, including 1 entities, in source file DlxDecode.vhd
    Info (12022): Found design unit 1: DlxDecode-behavior File: /home/ash/USU/Spring2026/ECE6740/Projects/Execute/DlxDecode.vhd Line: 32
    Info (12023): Found entity 1: DlxDecode File: /home/ash/USU/Spring2026/ECE6740/Projects/Execute/DlxDecode.vhd Line: 5
Info (12021): Found 2 design units, including 1 entities, in source file DlxExecute.vhd
    Info (12022): Found design unit 1: DlxExecute-behavior File: /home/ash/USU/Spring2026/ECE6740/Projects/Execute/DlxExecute.vhd Line: 28
    Info (12023): Found entity 1: DlxExecute File: /home/ash/USU/Spring2026/ECE6740/Projects/Execute/DlxExecute.vhd Line: 6
Info (12021): Found 2 design units, including 1 entities, in source file DlxFetch.vhd
    Info (12022): Found design unit 1: DlxFetch-behavior File: /home/ash/USU/Spring2026/ECE6740/Projects/Execute/DlxFetch.vhd Line: 20
    Info (12023): Found entity 1: DlxFetch File: /home/ash/USU/Spring2026/ECE6740/Projects/Execute/DlxFetch.vhd Line: 5
Info (12021): Found 2 design units, including 1 entities, in source file Factorial_TB.vhd
    Info (12022): Found design unit 1: Factorial_TB-sim File: /home/ash/USU/Spring2026/ECE6740/Projects/Execute/Factorial_TB.vhd Line: 8
    Info (12023): Found entity 1: Factorial_TB File: /home/ash/USU/Spring2026/ECE6740/Projects/Execute/Factorial_TB.vhd Line: 5
Info (12021): Found 2 design units, including 1 entities, in source file Incrementer.vhd
    Info (12022): Found design unit 1: Incrementer-behavior File: /home/ash/USU/Spring2026/ECE6740/Projects/Execute/Incrementer.vhd Line: 15
    Info (12023): Found entity 1: Incrementer File: /home/ash/USU/Spring2026/ECE6740/Projects/Execute/Incrementer.vhd Line: 5
Info (12021): Found 2 design units, including 1 entities, in source file ProgramCounter.vhd
    Info (12022): Found design unit 1: ProgramCounter-rtl File: /home/ash/USU/Spring2026/ECE6740/Projects/Execute/ProgramCounter.vhd Line: 17
    Info (12023): Found entity 1: ProgramCounter File: /home/ash/USU/Spring2026/ECE6740/Projects/Execute/ProgramCounter.vhd Line: 5
Info (12021): Found 2 design units, including 1 entities, in source file RegisterFile.vhd
    Info (12022): Found design unit 1: RegisterFile-rtl File: /home/ash/USU/Spring2026/ECE6740/Projects/Execute/RegisterFile.vhd Line: 23
    Info (12023): Found entity 1: RegisterFile File: /home/ash/USU/Spring2026/ECE6740/Projects/Execute/RegisterFile.vhd Line: 5
Info (12021): Found 2 design units, including 1 entities, in source file ShouldBranch.vhd
    Info (12022): Found design unit 1: ShouldBranch-behavior File: /home/ash/USU/Spring2026/ECE6740/Projects/Execute/ShouldBranch.vhd Line: 17
    Info (12023): Found entity 1: ShouldBranch File: /home/ash/USU/Spring2026/ECE6740/Projects/Execute/ShouldBranch.vhd Line: 6
Info (12021): Found 2 design units, including 1 entities, in source file SignExtender.vhd
    Info (12022): Found design unit 1: SignExtender-behavior File: /home/ash/USU/Spring2026/ECE6740/Projects/Execute/SignExtender.vhd Line: 18
    Info (12023): Found entity 1: SignExtender File: /home/ash/USU/Spring2026/ECE6740/Projects/Execute/SignExtender.vhd Line: 6
Info (12021): Found 2 design units, including 1 entities, in source file TwoMux.vhd
    Info (12022): Found design unit 1: TwoMux-behavior File: /home/ash/USU/Spring2026/ECE6740/Projects/Execute/TwoMux.vhd Line: 17
    Info (12023): Found entity 1: TwoMux File: /home/ash/USU/Spring2026/ECE6740/Projects/Execute/TwoMux.vhd Line: 5
Info (12021): Found 2 design units, including 1 entities, in source file FactorialROM.vhd
    Info (12022): Found design unit 1: factorialrom-SYN File: /home/ash/USU/Spring2026/ECE6740/Projects/Execute/FactorialROM.vhd Line: 53
    Info (12023): Found entity 1: FactorialROM File: /home/ash/USU/Spring2026/ECE6740/Projects/Execute/FactorialROM.vhd Line: 43
Info (12127): Elaborating entity "DLX" for the top level hierarchy
Info (12128): Elaborating entity "DlxFetch" for hierarchy "DlxFetch:fetch" File: /home/ash/USU/Spring2026/ECE6740/Projects/Execute/DLX.vhd Line: 40
Info (12128): Elaborating entity "ProgramCounter" for hierarchy "DlxFetch:fetch|ProgramCounter:pc" File: /home/ash/USU/Spring2026/ECE6740/Projects/Execute/DlxFetch.vhd Line: 26
Info (12128): Elaborating entity "Incrementer" for hierarchy "DlxFetch:fetch|Incrementer:inc" File: /home/ash/USU/Spring2026/ECE6740/Projects/Execute/DlxFetch.vhd Line: 37
Info (12128): Elaborating entity "TwoMux" for hierarchy "DlxFetch:fetch|TwoMux:mux" File: /home/ash/USU/Spring2026/ECE6740/Projects/Execute/DlxFetch.vhd Line: 46
Info (12128): Elaborating entity "FactorialROM" for hierarchy "DlxFetch:fetch|FactorialROM:rom" File: /home/ash/USU/Spring2026/ECE6740/Projects/Execute/DlxFetch.vhd Line: 56
Info (12128): Elaborating entity "altsyncram" for hierarchy "DlxFetch:fetch|FactorialROM:rom|altsyncram:altsyncram_component" File: /home/ash/USU/Spring2026/ECE6740/Projects/Execute/FactorialROM.vhd Line: 60
Info (12130): Elaborated megafunction instantiation "DlxFetch:fetch|FactorialROM:rom|altsyncram:altsyncram_component" File: /home/ash/USU/Spring2026/ECE6740/Projects/Execute/FactorialROM.vhd Line: 60
Info (12133): Instantiated megafunction "DlxFetch:fetch|FactorialROM:rom|altsyncram:altsyncram_component" with the following parameter: File: /home/ash/USU/Spring2026/ECE6740/Projects/Execute/FactorialROM.vhd Line: 60
    Info (12134): Parameter "address_aclr_a" = "NONE"
    Info (12134): Parameter "address_aclr_b" = "NONE"
    Info (12134): Parameter "address_reg_b" = "CLOCK1"
    Info (12134): Parameter "byte_size" = "8"
    Info (12134): Parameter "byteena_aclr_a" = "UNUSED"
    Info (12134): Parameter "byteena_aclr_b" = "NONE"
    Info (12134): Parameter "byteena_reg_b" = "CLOCK1"
    Info (12134): Parameter "clock_enable_core_a" = "USE_INPUT_CLKEN"
    Info (12134): Parameter "clock_enable_core_b" = "USE_INPUT_CLKEN"
    Info (12134): Parameter "clock_enable_input_a" = "BYPASS"
    Info (12134): Parameter "clock_enable_input_b" = "NORMAL"
    Info (12134): Parameter "clock_enable_output_a" = "BYPASS"
    Info (12134): Parameter "clock_enable_output_b" = "NORMAL"
    Info (12134): Parameter "intended_device_family" = "MAX 10"
    Info (12134): Parameter "ecc_pipeline_stage_enabled" = "FALSE"
    Info (12134): Parameter "enable_ecc" = "FALSE"
    Info (12134): Parameter "implement_in_les" = "OFF"
    Info (12134): Parameter "indata_aclr_a" = "UNUSED"
    Info (12134): Parameter "indata_aclr_b" = "NONE"
    Info (12134): Parameter "indata_reg_b" = "CLOCK1"
    Info (12134): Parameter "init_file" = "/home/ash/USU/Spring2026/ECE6740/Projects/DLX_Assembler/assembly/instruct_factorial.mif"
    Info (12134): Parameter "init_file_layout" = "PORT_A"
    Info (12134): Parameter "maximum_depth" = "0"
    Info (12134): Parameter "numwords_a" = "1024"
    Info (12134): Parameter "numwords_b" = "0"
    Info (12134): Parameter "operation_mode" = "ROM"
    Info (12134): Parameter "outdata_aclr_a" = "NONE"
    Info (12134): Parameter "outdata_aclr_b" = "NONE"
    Info (12134): Parameter "outdata_reg_a" = "UNREGISTERED"
    Info (12134): Parameter "outdata_reg_b" = "UNREGISTERED"
    Info (12134): Parameter "power_up_uninitialized" = "FALSE"
    Info (12134): Parameter "ram_block_type" = "AUTO"
    Info (12134): Parameter "rdcontrol_aclr_b" = "NONE"
    Info (12134): Parameter "rdcontrol_reg_b" = "CLOCK1"
    Info (12134): Parameter "read_during_write_mode_mixed_ports" = "DONT_CARE"
    Info (12134): Parameter "read_during_write_mode_port_a" = "NEW_DATA_NO_NBE_READ"
    Info (12134): Parameter "read_during_write_mode_port_b" = "NEW_DATA_NO_NBE_READ"
    Info (12134): Parameter "stratixiv_m144k_allow_dual_clocks" = "ON"
    Info (12134): Parameter "width_a" = "32"
    Info (12134): Parameter "width_b" = "1"
    Info (12134): Parameter "width_byteena_a" = "1"
    Info (12134): Parameter "width_byteena_b" = "1"
    Info (12134): Parameter "width_eccstatus" = "3"
    Info (12134): Parameter "widthad_a" = "10"
    Info (12134): Parameter "widthad_b" = "1"
    Info (12134): Parameter "wrcontrol_aclr_a" = "UNUSED"
    Info (12134): Parameter "wrcontrol_aclr_b" = "NONE"
    Info (12134): Parameter "wrcontrol_wraddress_reg_b" = "CLOCK1"
    Info (12134): Parameter "lpm_hint" = "ENABLE_RUNTIME_MOD=NO"
    Info (12134): Parameter "lpm_type" = "altsyncram"
Info (12021): Found 1 design units, including 1 entities, in source file db/altsyncram_1g24.tdf
    Info (12023): Found entity 1: altsyncram_1g24 File: /home/ash/USU/Spring2026/ECE6740/Projects/Execute/db/altsyncram_1g24.tdf Line: 28
Info (12128): Elaborating entity "altsyncram_1g24" for hierarchy "DlxFetch:fetch|FactorialROM:rom|altsyncram:altsyncram_component|altsyncram_1g24:auto_generated" File: /home/ash/intelFPGA_Lite/quartus/libraries/megafunctions/altsyncram.tdf Line: 792
Info (12128): Elaborating entity "DlxDecode" for hierarchy "DlxDecode:decode" File: /home/ash/USU/Spring2026/ECE6740/Projects/Execute/DLX.vhd Line: 53
Info (12128): Elaborating entity "RegisterFile" for hierarchy "DlxDecode:decode|RegisterFile:reg_file" File: /home/ash/USU/Spring2026/ECE6740/Projects/Execute/DlxDecode.vhd Line: 35
Info (12128): Elaborating entity "SignExtender" for hierarchy "DlxDecode:decode|SignExtender:sign_exten" File: /home/ash/USU/Spring2026/ECE6740/Projects/Execute/DlxDecode.vhd Line: 51
Info (12128): Elaborating entity "DlxExecute" for hierarchy "DlxExecute:execute" File: /home/ash/USU/Spring2026/ECE6740/Projects/Execute/DLX.vhd Line: 75
Info (12128): Elaborating entity "TwoMux" for hierarchy "DlxExecute:execute|TwoMux:upper_mux" File: /home/ash/USU/Spring2026/ECE6740/Projects/Execute/DlxExecute.vhd Line: 56
Info (12128): Elaborating entity "ShouldBranch" for hierarchy "DlxExecute:execute|ShouldBranch:should_branch" File: /home/ash/USU/Spring2026/ECE6740/Projects/Execute/DlxExecute.vhd Line: 78
Info (12128): Elaborating entity "ALU" for hierarchy "DlxExecute:execute|ALU:alu" File: /home/ash/USU/Spring2026/ECE6740/Projects/Execute/DlxExecute.vhd Line: 89
Info (276014): Found 1 instances of uninferred RAM logic
    Info (276007): RAM logic "DlxDecode:decode|RegisterFile:reg_file|\update:ram_block" is uninferred due to asynchronous read logic
Info (13000): Registers with preset signals will power-up high File: /home/ash/USU/Spring2026/ECE6740/Projects/Execute/ProgramCounter.vhd Line: 22
Info (13003): DEV_CLRn pin will set, and not reset, register with preset signal due to NOT Gate Push-Back
Info (286030): Timing-Driven Synthesis is running
Info (16010): Generating hard_block partition "hard_block:auto_generated_inst"
    Info (16011): Adding 0 node(s), including 0 DDIO, 0 PLL, 0 transceiver and 0 LCELL
Info (21057): Implemented 4823 device resources after synthesis - the final resource count might be different
    Info (21058): Implemented 40 input pins
    Info (21059): Implemented 106 output pins
    Info (21061): Implemented 4645 logic cells
    Info (21064): Implemented 32 RAM segments
Info: Quartus Prime Analysis & Synthesis was successful. 0 errors, 1 warning
    Info: Peak virtual memory: 503 megabytes
    Info: Processing ended: Tue Feb 10 21:19:04 2026
    Info: Elapsed time: 00:00:21
    Info: Total CPU time (on all processors): 00:00:35


