Timing Analyzer report for UART_TOP
Thu Jan  8 09:58:35 2026
Quartus Prime Version 24.1std.0 Build 1077 03/04/2025 SC Lite Edition


---------------------
; Table of Contents ;
---------------------
  1. Legal Notice
  2. Timing Analyzer Summary
  3. Parallel Compilation
  4. Clocks
  5. Slow 1200mV 85C Model Fmax Summary
  6. Slow 1200mV 85C Model Setup Summary
  7. Slow 1200mV 85C Model Hold Summary
  8. Slow 1200mV 85C Model Recovery Summary
  9. Slow 1200mV 85C Model Removal Summary
 10. Slow 1200mV 85C Model Minimum Pulse Width Summary
 11. Slow 1200mV 85C Model Metastability Summary
 12. Slow 1200mV 0C Model Fmax Summary
 13. Slow 1200mV 0C Model Setup Summary
 14. Slow 1200mV 0C Model Hold Summary
 15. Slow 1200mV 0C Model Recovery Summary
 16. Slow 1200mV 0C Model Removal Summary
 17. Slow 1200mV 0C Model Minimum Pulse Width Summary
 18. Slow 1200mV 0C Model Metastability Summary
 19. Fast 1200mV 0C Model Setup Summary
 20. Fast 1200mV 0C Model Hold Summary
 21. Fast 1200mV 0C Model Recovery Summary
 22. Fast 1200mV 0C Model Removal Summary
 23. Fast 1200mV 0C Model Minimum Pulse Width Summary
 24. Fast 1200mV 0C Model Metastability Summary
 25. Multicorner Timing Analysis Summary
 26. Board Trace Model Assignments
 27. Input Transition Times
 28. Signal Integrity Metrics (Slow 1200mv 0c Model)
 29. Signal Integrity Metrics (Slow 1200mv 85c Model)
 30. Signal Integrity Metrics (Fast 1200mv 0c Model)
 31. Setup Transfers
 32. Hold Transfers
 33. Recovery Transfers
 34. Removal Transfers
 35. Report TCCS
 36. Report RSKM
 37. Unconstrained Paths Summary
 38. Clock Status Summary
 39. Unconstrained Input Ports
 40. Unconstrained Output Ports
 41. Unconstrained Input Ports
 42. Unconstrained Output Ports
 43. Timing Analyzer Messages



----------------
; Legal Notice ;
----------------
Copyright (C) 2025  Altera Corporation. All rights reserved.
Your use of Altera Corporation's design tools, logic functions 
and other software and tools, and any partner logic 
functions, and any output files from any of the foregoing 
(including device programming or simulation files), and any 
associated documentation or information are expressly subject 
to the terms and conditions of the Altera Program License 
Subscription Agreement, the Altera Quartus Prime License Agreement,
the Altera IP License Agreement, or other applicable license
agreement, including, without limitation, that your use is for
the sole purpose of programming logic devices manufactured by
Altera and sold by Altera or its authorized distributors.  Please
refer to the Altera Software License Subscription Agreements 
on the Quartus Prime software download page.



+---------------------------------------------------------------------------------+
; Timing Analyzer Summary                                                         ;
+-----------------------+---------------------------------------------------------+
; Quartus Prime Version ; Version 24.1std.0 Build 1077 03/04/2025 SC Lite Edition ;
; Timing Analyzer       ; Legacy Timing Analyzer                                  ;
; Revision Name         ; UART_TOP                                                ;
; Device Family         ; MAX 10                                                  ;
; Device Name           ; 10M50DAF484C7G                                          ;
; Timing Models         ; Final                                                   ;
; Delay Model           ; Combined                                                ;
; Rise/Fall Delays      ; Enabled                                                 ;
+-----------------------+---------------------------------------------------------+


+------------------------------------------+
; Parallel Compilation                     ;
+----------------------------+-------------+
; Processors                 ; Number      ;
+----------------------------+-------------+
; Number detected on machine ; 12          ;
; Maximum allowed            ; 10          ;
;                            ;             ;
; Average used               ; 1.40        ;
; Maximum used               ; 10          ;
;                            ;             ;
; Usage by Processor         ; % Time Used ;
;     Processor 1            ; 100.0%      ;
;     Processor 2            ;   5.0%      ;
;     Processors 3-10        ;   4.4%      ;
+----------------------------+-------------+


+-------------------------------------------------------------------------------------------------------------------------------------------------------------------------------------------------------------------------------------------------------------------------------------------------------------------------------+
; Clocks                                                                                                                                                                                                                                                                                                                        ;
+-------------------------------------------------+-----------+-----------+-----------+-------+-----------+------------+-----------+-------------+-------+--------+-----------+------------+----------+---------------+---------------------------------------------------+-----------------------------------------------------+
; Clock Name                                      ; Type      ; Period    ; Frequency ; Rise  ; Fall      ; Duty Cycle ; Divide by ; Multiply by ; Phase ; Offset ; Edge List ; Edge Shift ; Inverted ; Master        ; Source                                            ; Targets                                             ;
+-------------------------------------------------+-----------+-----------+-----------+-------+-----------+------------+-----------+-------------+-------+--------+-----------+------------+----------+---------------+---------------------------------------------------+-----------------------------------------------------+
; MAX10_CLK1_50                                   ; Base      ; 20.000    ; 50.0 MHz  ; 0.000 ; 10.000    ;            ;           ;             ;       ;        ;           ;            ;          ;               ;                                                   ; { MAX10_CLK1_50 }                                   ;
; pll|altpll_component|auto_generated|pll1|clk[0] ; Generated ; 52083.333 ; 0.02 MHz  ; 0.000 ; 26041.666 ; 50.00      ; 15625     ; 6           ;       ;        ;           ;            ; false    ; MAX10_CLK1_50 ; pll|altpll_component|auto_generated|pll1|inclk[0] ; { pll|altpll_component|auto_generated|pll1|clk[0] } ;
; pll|altpll_component|auto_generated|pll1|clk[1] ; Generated ; 6510.416  ; 0.15 MHz  ; 0.000 ; 3255.208  ; 50.00      ; 15625     ; 48          ;       ;        ;           ;            ; false    ; MAX10_CLK1_50 ; pll|altpll_component|auto_generated|pll1|inclk[0] ; { pll|altpll_component|auto_generated|pll1|clk[1] } ;
+-------------------------------------------------+-----------+-----------+-----------+-------+-----------+------------+-----------+-------------+-------+--------+-----------+------------+----------+---------------+---------------------------------------------------+-----------------------------------------------------+


+---------------------------------------------------------------------------------------+
; Slow 1200mV 85C Model Fmax Summary                                                    ;
+------------+-----------------+-------------------------------------------------+------+
; Fmax       ; Restricted Fmax ; Clock Name                                      ; Note ;
+------------+-----------------+-------------------------------------------------+------+
; 149.23 MHz ; 149.23 MHz      ; pll|altpll_component|auto_generated|pll1|clk[1] ;      ;
; 242.01 MHz ; 242.01 MHz      ; pll|altpll_component|auto_generated|pll1|clk[0] ;      ;
+------------+-----------------+-------------------------------------------------+------+
This panel reports FMAX for every clock in the design, regardless of the user-specified clock periods.  FMAX is only computed for paths where the source and destination registers or ports are driven by the same clock.  Paths of different clocks, including generated clocks, are ignored.  For paths between a clock and its inversion, FMAX is computed as if the rising and falling edges are scaled along with FMAX, such that the duty cycle (in terms of a percentage) is maintained. Altera recommends that you always use clock constraints and other slack reports for sign-off analysis.


+-----------------------------------------------------------------------------+
; Slow 1200mV 85C Model Setup Summary                                         ;
+-------------------------------------------------+-----------+---------------+
; Clock                                           ; Slack     ; End Point TNS ;
+-------------------------------------------------+-----------+---------------+
; pll|altpll_component|auto_generated|pll1|clk[1] ; 6503.715  ; 0.000         ;
; pll|altpll_component|auto_generated|pll1|clk[0] ; 52079.201 ; 0.000         ;
+-------------------------------------------------+-----------+---------------+


+-------------------------------------------------------------------------+
; Slow 1200mV 85C Model Hold Summary                                      ;
+-------------------------------------------------+-------+---------------+
; Clock                                           ; Slack ; End Point TNS ;
+-------------------------------------------------+-------+---------------+
; pll|altpll_component|auto_generated|pll1|clk[0] ; 0.351 ; 0.000         ;
; pll|altpll_component|auto_generated|pll1|clk[1] ; 0.369 ; 0.000         ;
+-------------------------------------------------+-------+---------------+


+-----------------------------------------------------------------------------+
; Slow 1200mV 85C Model Recovery Summary                                      ;
+-------------------------------------------------+-----------+---------------+
; Clock                                           ; Slack     ; End Point TNS ;
+-------------------------------------------------+-----------+---------------+
; pll|altpll_component|auto_generated|pll1|clk[1] ; 6504.606  ; 0.000         ;
; pll|altpll_component|auto_generated|pll1|clk[0] ; 52077.715 ; 0.000         ;
+-------------------------------------------------+-----------+---------------+


+-------------------------------------------------------------------------+
; Slow 1200mV 85C Model Removal Summary                                   ;
+-------------------------------------------------+-------+---------------+
; Clock                                           ; Slack ; End Point TNS ;
+-------------------------------------------------+-------+---------------+
; pll|altpll_component|auto_generated|pll1|clk[1] ; 2.358 ; 0.000         ;
; pll|altpll_component|auto_generated|pll1|clk[0] ; 3.376 ; 0.000         ;
+-------------------------------------------------+-------+---------------+


+-----------------------------------------------------------------------------+
; Slow 1200mV 85C Model Minimum Pulse Width Summary                           ;
+-------------------------------------------------+-----------+---------------+
; Clock                                           ; Slack     ; End Point TNS ;
+-------------------------------------------------+-----------+---------------+
; MAX10_CLK1_50                                   ; 9.871     ; 0.000         ;
; pll|altpll_component|auto_generated|pll1|clk[1] ; 3254.888  ; 0.000         ;
; pll|altpll_component|auto_generated|pll1|clk[0] ; 26041.373 ; 0.000         ;
+-------------------------------------------------+-----------+---------------+


-----------------------------------------------
; Slow 1200mV 85C Model Metastability Summary ;
-----------------------------------------------
Worst-Case MTBF of Design is 1e+09 years or 3.15e+16 seconds.
Typical MTBF of Design is 1e+09 years or 3.15e+16 seconds.

Number of Synchronizer Chains Found: 10
Shortest Synchronizer Chain: 2 Registers
Fraction of Chains for which MTBFs Could Not be Calculated: 0.000
Worst Case Available Settling Time: 13016.464 ns

Worst-Case MTBF values are calculated based on the worst-case silicon characteristics, with worst-case operating conditions.
  - Under worst-case conditions, an increase of 100ps in available settling time will increase MTBF values by a factor of 1.8
Typical MTBF values are calculated based on the nominal silicon characteristics, at nominal operating conditions.
  - Under typical conditions, an increase of 100ps in available settling time will increase MTBF values by a factor of 3.7



+---------------------------------------------------------------------------------------+
; Slow 1200mV 0C Model Fmax Summary                                                     ;
+------------+-----------------+-------------------------------------------------+------+
; Fmax       ; Restricted Fmax ; Clock Name                                      ; Note ;
+------------+-----------------+-------------------------------------------------+------+
; 163.08 MHz ; 163.08 MHz      ; pll|altpll_component|auto_generated|pll1|clk[1] ;      ;
; 260.48 MHz ; 260.48 MHz      ; pll|altpll_component|auto_generated|pll1|clk[0] ;      ;
+------------+-----------------+-------------------------------------------------+------+
This panel reports FMAX for every clock in the design, regardless of the user-specified clock periods.  FMAX is only computed for paths where the source and destination registers or ports are driven by the same clock.  Paths of different clocks, including generated clocks, are ignored.  For paths between a clock and its inversion, FMAX is computed as if the rising and falling edges are scaled along with FMAX, such that the duty cycle (in terms of a percentage) is maintained. Altera recommends that you always use clock constraints and other slack reports for sign-off analysis.


+-----------------------------------------------------------------------------+
; Slow 1200mV 0C Model Setup Summary                                          ;
+-------------------------------------------------+-----------+---------------+
; Clock                                           ; Slack     ; End Point TNS ;
+-------------------------------------------------+-----------+---------------+
; pll|altpll_component|auto_generated|pll1|clk[1] ; 6504.284  ; 0.000         ;
; pll|altpll_component|auto_generated|pll1|clk[0] ; 52079.494 ; 0.000         ;
+-------------------------------------------------+-----------+---------------+


+-------------------------------------------------------------------------+
; Slow 1200mV 0C Model Hold Summary                                       ;
+-------------------------------------------------+-------+---------------+
; Clock                                           ; Slack ; End Point TNS ;
+-------------------------------------------------+-------+---------------+
; pll|altpll_component|auto_generated|pll1|clk[0] ; 0.302 ; 0.000         ;
; pll|altpll_component|auto_generated|pll1|clk[1] ; 0.324 ; 0.000         ;
+-------------------------------------------------+-------+---------------+


+-----------------------------------------------------------------------------+
; Slow 1200mV 0C Model Recovery Summary                                       ;
+-------------------------------------------------+-----------+---------------+
; Clock                                           ; Slack     ; End Point TNS ;
+-------------------------------------------------+-----------+---------------+
; pll|altpll_component|auto_generated|pll1|clk[1] ; 6505.039  ; 0.000         ;
; pll|altpll_component|auto_generated|pll1|clk[0] ; 52078.128 ; 0.000         ;
+-------------------------------------------------+-----------+---------------+


+-------------------------------------------------------------------------+
; Slow 1200mV 0C Model Removal Summary                                    ;
+-------------------------------------------------+-------+---------------+
; Clock                                           ; Slack ; End Point TNS ;
+-------------------------------------------------+-------+---------------+
; pll|altpll_component|auto_generated|pll1|clk[1] ; 2.094 ; 0.000         ;
; pll|altpll_component|auto_generated|pll1|clk[0] ; 3.044 ; 0.000         ;
+-------------------------------------------------+-------+---------------+


+-----------------------------------------------------------------------------+
; Slow 1200mV 0C Model Minimum Pulse Width Summary                            ;
+-------------------------------------------------+-----------+---------------+
; Clock                                           ; Slack     ; End Point TNS ;
+-------------------------------------------------+-----------+---------------+
; MAX10_CLK1_50                                   ; 9.893     ; 0.000         ;
; pll|altpll_component|auto_generated|pll1|clk[1] ; 3254.906  ; 0.000         ;
; pll|altpll_component|auto_generated|pll1|clk[0] ; 26041.376 ; 0.000         ;
+-------------------------------------------------+-----------+---------------+


----------------------------------------------
; Slow 1200mV 0C Model Metastability Summary ;
----------------------------------------------
Worst-Case MTBF of Design is 1e+09 years or 3.15e+16 seconds.
Typical MTBF of Design is 1e+09 years or 3.15e+16 seconds.

Number of Synchronizer Chains Found: 10
Shortest Synchronizer Chain: 2 Registers
Fraction of Chains for which MTBFs Could Not be Calculated: 0.000
Worst Case Available Settling Time: 13016.769 ns

Worst-Case MTBF values are calculated based on the worst-case silicon characteristics, with worst-case operating conditions.
  - Under worst-case conditions, an increase of 100ps in available settling time will increase MTBF values by a factor of 1.8
Typical MTBF values are calculated based on the nominal silicon characteristics, at nominal operating conditions.
  - Under typical conditions, an increase of 100ps in available settling time will increase MTBF values by a factor of 3.7



+-----------------------------------------------------------------------------+
; Fast 1200mV 0C Model Setup Summary                                          ;
+-------------------------------------------------+-----------+---------------+
; Clock                                           ; Slack     ; End Point TNS ;
+-------------------------------------------------+-----------+---------------+
; pll|altpll_component|auto_generated|pll1|clk[1] ; 6507.595  ; 0.000         ;
; pll|altpll_component|auto_generated|pll1|clk[0] ; 52081.617 ; 0.000         ;
+-------------------------------------------------+-----------+---------------+


+-------------------------------------------------------------------------+
; Fast 1200mV 0C Model Hold Summary                                       ;
+-------------------------------------------------+-------+---------------+
; Clock                                           ; Slack ; End Point TNS ;
+-------------------------------------------------+-------+---------------+
; pll|altpll_component|auto_generated|pll1|clk[0] ; 0.159 ; 0.000         ;
; pll|altpll_component|auto_generated|pll1|clk[1] ; 0.176 ; 0.000         ;
+-------------------------------------------------+-------+---------------+


+-----------------------------------------------------------------------------+
; Fast 1200mV 0C Model Recovery Summary                                       ;
+-------------------------------------------------+-----------+---------------+
; Clock                                           ; Slack     ; End Point TNS ;
+-------------------------------------------------+-----------+---------------+
; pll|altpll_component|auto_generated|pll1|clk[1] ; 6507.877  ; 0.000         ;
; pll|altpll_component|auto_generated|pll1|clk[0] ; 52080.908 ; 0.000         ;
+-------------------------------------------------+-----------+---------------+


+-------------------------------------------------------------------------+
; Fast 1200mV 0C Model Removal Summary                                    ;
+-------------------------------------------------+-------+---------------+
; Clock                                           ; Slack ; End Point TNS ;
+-------------------------------------------------+-------+---------------+
; pll|altpll_component|auto_generated|pll1|clk[1] ; 1.050 ; 0.000         ;
; pll|altpll_component|auto_generated|pll1|clk[0] ; 1.522 ; 0.000         ;
+-------------------------------------------------+-------+---------------+


+-----------------------------------------------------------------------------+
; Fast 1200mV 0C Model Minimum Pulse Width Summary                            ;
+-------------------------------------------------+-----------+---------------+
; Clock                                           ; Slack     ; End Point TNS ;
+-------------------------------------------------+-----------+---------------+
; MAX10_CLK1_50                                   ; 9.666     ; 0.000         ;
; pll|altpll_component|auto_generated|pll1|clk[1] ; 3254.921  ; 0.000         ;
; pll|altpll_component|auto_generated|pll1|clk[0] ; 26041.389 ; 0.000         ;
+-------------------------------------------------+-----------+---------------+


----------------------------------------------
; Fast 1200mV 0C Model Metastability Summary ;
----------------------------------------------
Worst-Case MTBF of Design is 1e+09 years or 3.15e+16 seconds.
Typical MTBF of Design is 1e+09 years or 3.15e+16 seconds.

Number of Synchronizer Chains Found: 10
Shortest Synchronizer Chain: 2 Registers
Fraction of Chains for which MTBFs Could Not be Calculated: 0.000
Worst Case Available Settling Time: 13018.939 ns

Worst-Case MTBF values are calculated based on the worst-case silicon characteristics, with worst-case operating conditions.
  - Under worst-case conditions, an increase of 100ps in available settling time will increase MTBF values by a factor of 1.8
Typical MTBF values are calculated based on the nominal silicon characteristics, at nominal operating conditions.
  - Under typical conditions, an increase of 100ps in available settling time will increase MTBF values by a factor of 3.7



+------------------------------------------------------------------------------------------------------------------+
; Multicorner Timing Analysis Summary                                                                              ;
+--------------------------------------------------+-----------+-------+-----------+---------+---------------------+
; Clock                                            ; Setup     ; Hold  ; Recovery  ; Removal ; Minimum Pulse Width ;
+--------------------------------------------------+-----------+-------+-----------+---------+---------------------+
; Worst-case Slack                                 ; 6503.715  ; 0.159 ; 6504.606  ; 1.050   ; 9.666               ;
;  MAX10_CLK1_50                                   ; N/A       ; N/A   ; N/A       ; N/A     ; 9.666               ;
;  pll|altpll_component|auto_generated|pll1|clk[0] ; 52079.201 ; 0.159 ; 52077.715 ; 1.522   ; 26041.373           ;
;  pll|altpll_component|auto_generated|pll1|clk[1] ; 6503.715  ; 0.176 ; 6504.606  ; 1.050   ; 3254.888            ;
; Design-wide TNS                                  ; 0.0       ; 0.0   ; 0.0       ; 0.0     ; 0.0                 ;
;  MAX10_CLK1_50                                   ; N/A       ; N/A   ; N/A       ; N/A     ; 0.000               ;
;  pll|altpll_component|auto_generated|pll1|clk[0] ; 0.000     ; 0.000 ; 0.000     ; 0.000   ; 0.000               ;
;  pll|altpll_component|auto_generated|pll1|clk[1] ; 0.000     ; 0.000 ; 0.000     ; 0.000   ; 0.000               ;
+--------------------------------------------------+-----------+-------+-----------+---------+---------------------+


+-----------------------------------------------------------------------------------------------------------------------------------------------------------------------------------------------------------------------------------------------------------------------------------------------------------------------------------------------------------------------------------------------------------------+
; Board Trace Model Assignments                                                                                                                                                                                                                                                                                                                                                                                   ;
+--------------+--------------+-------------------+-------------------------+-------------------------+---------------+---------------------+----------------+------------------+--------+------------------+------------------------+------------------------+--------------+---------------+-----------------+-------+---------------------+--------------------+---------------+-----------------+-------------+
; Pin          ; I/O Standard ; Near Tline Length ; Near Tline L per Length ; Near Tline C per Length ; Near Series R ; Near Differential R ; Near Pull-up R ; Near Pull-down R ; Near C ; Far Tline Length ; Far Tline L per Length ; Far Tline C per Length ; Far Series R ; Far Pull-up R ; Far Pull-down R ; Far C ; Termination Voltage ; Far Differential R ; EBD File Name ; EBD Signal Name ; EBD Far-end ;
+--------------+--------------+-------------------+-------------------------+-------------------------+---------------+---------------------+----------------+------------------+--------+------------------+------------------------+------------------------+--------------+---------------+-----------------+-------+---------------------+--------------------+---------------+-----------------+-------------+
; TX           ; 2.5 V        ; 0 in              ; 0 H/in                  ; 0 F/in                  ; short         ; -                   ; open           ; open             ; open   ; 0 in             ; 0 H/in                 ; 0 F/in                 ; short        ; open          ; open            ; open  ; 0 V                 ; -                  ; n/a           ; n/a             ; n/a         ;
; ~ALTERA_TDO~ ; 2.5 V        ; 0 in              ; 0 H/in                  ; 0 F/in                  ; short         ; -                   ; open           ; open             ; open   ; 0 in             ; 0 H/in                 ; 0 F/in                 ; short        ; open          ; open            ; open  ; 0 V                 ; -                  ; n/a           ; n/a             ; n/a         ;
+--------------+--------------+-------------------+-------------------------+-------------------------+---------------+---------------------+----------------+------------------+--------+------------------+------------------------+------------------------+--------------+---------------+-----------------+-------+---------------------+--------------------+---------------+-----------------+-------------+


+---------------------------------------------------------------------------------+
; Input Transition Times                                                          ;
+---------------------+-----------------------+-----------------+-----------------+
; Pin                 ; I/O Standard          ; 10-90 Rise Time ; 90-10 Fall Time ;
+---------------------+-----------------------+-----------------+-----------------+
; KEY[1]              ; 2.5 V                 ; 2000 ps         ; 2000 ps         ;
; KEY[0]              ; 2.5 V                 ; 2000 ps         ; 2000 ps         ;
; MAX10_CLK1_50       ; 2.5 V                 ; 2000 ps         ; 2000 ps         ;
; RX                  ; 2.5 V                 ; 2000 ps         ; 2000 ps         ;
; ~ALTERA_TMS~        ; 2.5 V Schmitt Trigger ; 2000 ps         ; 2000 ps         ;
; ~ALTERA_TCK~        ; 2.5 V Schmitt Trigger ; 2000 ps         ; 2000 ps         ;
; ~ALTERA_TDI~        ; 2.5 V Schmitt Trigger ; 2000 ps         ; 2000 ps         ;
; ~ALTERA_CONFIG_SEL~ ; 2.5 V                 ; 2000 ps         ; 2000 ps         ;
; ~ALTERA_nCONFIG~    ; 2.5 V Schmitt Trigger ; 2000 ps         ; 2000 ps         ;
; ~ALTERA_nSTATUS~    ; 2.5 V Schmitt Trigger ; 2000 ps         ; 2000 ps         ;
; ~ALTERA_CONF_DONE~  ; 2.5 V Schmitt Trigger ; 2000 ps         ; 2000 ps         ;
+---------------------+-----------------------+-----------------+-----------------+


+-------------------------------------------------------------------------------------------------------------------------------------------------------------------------------------------------------------------------------------------------------------------------------------------------------------------------------------------------------------------------------------------------------------------------------------------------------------------------------------------------------------------------------------------------------------------------------------------------------------------------------------------------------------------------------------------+
; Signal Integrity Metrics (Slow 1200mv 0c Model)                                                                                                                                                                                                                                                                                                                                                                                                                                                                                                                                                                                                                                           ;
+--------------+--------------+---------------------+---------------------+------------------------------+------------------------------+---------------------+---------------------+--------------------------------------+--------------------------------------+-----------------------------+-----------------------------+----------------------------+----------------------------+-----------------------------+-----------------------------+--------------------+--------------------+-------------------------------------+-------------------------------------+----------------------------+----------------------------+---------------------------+---------------------------+
; Pin          ; I/O Standard ; Board Delay on Rise ; Board Delay on Fall ; Steady State Voh at FPGA Pin ; Steady State Vol at FPGA Pin ; Voh Max at FPGA Pin ; Vol Min at FPGA Pin ; Ringback Voltage on Rise at FPGA Pin ; Ringback Voltage on Fall at FPGA Pin ; 10-90 Rise Time at FPGA Pin ; 90-10 Fall Time at FPGA Pin ; Monotonic Rise at FPGA Pin ; Monotonic Fall at FPGA Pin ; Steady State Voh at Far-end ; Steady State Vol at Far-end ; Voh Max at Far-end ; Vol Min at Far-end ; Ringback Voltage on Rise at Far-end ; Ringback Voltage on Fall at Far-end ; 10-90 Rise Time at Far-end ; 90-10 Fall Time at Far-end ; Monotonic Rise at Far-end ; Monotonic Fall at Far-end ;
+--------------+--------------+---------------------+---------------------+------------------------------+------------------------------+---------------------+---------------------+--------------------------------------+--------------------------------------+-----------------------------+-----------------------------+----------------------------+----------------------------+-----------------------------+-----------------------------+--------------------+--------------------+-------------------------------------+-------------------------------------+----------------------------+----------------------------+---------------------------+---------------------------+
; TX           ; 2.5 V        ; 0 s                 ; 0 s                 ; 2.32 V                       ; 8.25e-09 V                   ; 2.41 V              ; -0.0859 V           ; 0.289 V                              ; 0.136 V                              ; 3.15e-10 s                  ; 4.16e-10 s                  ; No                         ; Yes                        ; 2.32 V                      ; 8.25e-09 V                  ; 2.41 V             ; -0.0859 V          ; 0.289 V                             ; 0.136 V                             ; 3.15e-10 s                 ; 4.16e-10 s                 ; No                        ; Yes                       ;
; ~ALTERA_TDO~ ; 2.5 V        ; 0 s                 ; 0 s                 ; 2.32 V                       ; 1.39e-08 V                   ; 2.39 V              ; -0.0407 V           ; 0.211 V                              ; 0.121 V                              ; 4.7e-10 s                   ; 5.93e-10 s                  ; No                         ; Yes                        ; 2.32 V                      ; 1.39e-08 V                  ; 2.39 V             ; -0.0407 V          ; 0.211 V                             ; 0.121 V                             ; 4.7e-10 s                  ; 5.93e-10 s                 ; No                        ; Yes                       ;
+--------------+--------------+---------------------+---------------------+------------------------------+------------------------------+---------------------+---------------------+--------------------------------------+--------------------------------------+-----------------------------+-----------------------------+----------------------------+----------------------------+-----------------------------+-----------------------------+--------------------+--------------------+-------------------------------------+-------------------------------------+----------------------------+----------------------------+---------------------------+---------------------------+


+-------------------------------------------------------------------------------------------------------------------------------------------------------------------------------------------------------------------------------------------------------------------------------------------------------------------------------------------------------------------------------------------------------------------------------------------------------------------------------------------------------------------------------------------------------------------------------------------------------------------------------------------------------------------------------------------+
; Signal Integrity Metrics (Slow 1200mv 85c Model)                                                                                                                                                                                                                                                                                                                                                                                                                                                                                                                                                                                                                                          ;
+--------------+--------------+---------------------+---------------------+------------------------------+------------------------------+---------------------+---------------------+--------------------------------------+--------------------------------------+-----------------------------+-----------------------------+----------------------------+----------------------------+-----------------------------+-----------------------------+--------------------+--------------------+-------------------------------------+-------------------------------------+----------------------------+----------------------------+---------------------------+---------------------------+
; Pin          ; I/O Standard ; Board Delay on Rise ; Board Delay on Fall ; Steady State Voh at FPGA Pin ; Steady State Vol at FPGA Pin ; Voh Max at FPGA Pin ; Vol Min at FPGA Pin ; Ringback Voltage on Rise at FPGA Pin ; Ringback Voltage on Fall at FPGA Pin ; 10-90 Rise Time at FPGA Pin ; 90-10 Fall Time at FPGA Pin ; Monotonic Rise at FPGA Pin ; Monotonic Fall at FPGA Pin ; Steady State Voh at Far-end ; Steady State Vol at Far-end ; Voh Max at Far-end ; Vol Min at Far-end ; Ringback Voltage on Rise at Far-end ; Ringback Voltage on Fall at Far-end ; 10-90 Rise Time at Far-end ; 90-10 Fall Time at Far-end ; Monotonic Rise at Far-end ; Monotonic Fall at Far-end ;
+--------------+--------------+---------------------+---------------------+------------------------------+------------------------------+---------------------+---------------------+--------------------------------------+--------------------------------------+-----------------------------+-----------------------------+----------------------------+----------------------------+-----------------------------+-----------------------------+--------------------+--------------------+-------------------------------------+-------------------------------------+----------------------------+----------------------------+---------------------------+---------------------------+
; TX           ; 2.5 V        ; 0 s                 ; 0 s                 ; 2.32 V                       ; 1.16e-06 V                   ; 2.37 V              ; -0.049 V            ; 0.154 V                              ; 0.186 V                              ; 4.63e-10 s                  ; 4.5e-10 s                   ; Yes                        ; Yes                        ; 2.32 V                      ; 1.16e-06 V                  ; 2.37 V             ; -0.049 V           ; 0.154 V                             ; 0.186 V                             ; 4.63e-10 s                 ; 4.5e-10 s                  ; Yes                       ; Yes                       ;
; ~ALTERA_TDO~ ; 2.5 V        ; 0 s                 ; 0 s                 ; 2.32 V                       ; 1.97e-06 V                   ; 2.36 V              ; -0.0174 V           ; 0.144 V                              ; 0.094 V                              ; 6.44e-10 s                  ; 7.22e-10 s                  ; No                         ; Yes                        ; 2.32 V                      ; 1.97e-06 V                  ; 2.36 V             ; -0.0174 V          ; 0.144 V                             ; 0.094 V                             ; 6.44e-10 s                 ; 7.22e-10 s                 ; No                        ; Yes                       ;
+--------------+--------------+---------------------+---------------------+------------------------------+------------------------------+---------------------+---------------------+--------------------------------------+--------------------------------------+-----------------------------+-----------------------------+----------------------------+----------------------------+-----------------------------+-----------------------------+--------------------+--------------------+-------------------------------------+-------------------------------------+----------------------------+----------------------------+---------------------------+---------------------------+


+-------------------------------------------------------------------------------------------------------------------------------------------------------------------------------------------------------------------------------------------------------------------------------------------------------------------------------------------------------------------------------------------------------------------------------------------------------------------------------------------------------------------------------------------------------------------------------------------------------------------------------------------------------------------------------------------+
; Signal Integrity Metrics (Fast 1200mv 0c Model)                                                                                                                                                                                                                                                                                                                                                                                                                                                                                                                                                                                                                                           ;
+--------------+--------------+---------------------+---------------------+------------------------------+------------------------------+---------------------+---------------------+--------------------------------------+--------------------------------------+-----------------------------+-----------------------------+----------------------------+----------------------------+-----------------------------+-----------------------------+--------------------+--------------------+-------------------------------------+-------------------------------------+----------------------------+----------------------------+---------------------------+---------------------------+
; Pin          ; I/O Standard ; Board Delay on Rise ; Board Delay on Fall ; Steady State Voh at FPGA Pin ; Steady State Vol at FPGA Pin ; Voh Max at FPGA Pin ; Vol Min at FPGA Pin ; Ringback Voltage on Rise at FPGA Pin ; Ringback Voltage on Fall at FPGA Pin ; 10-90 Rise Time at FPGA Pin ; 90-10 Fall Time at FPGA Pin ; Monotonic Rise at FPGA Pin ; Monotonic Fall at FPGA Pin ; Steady State Voh at Far-end ; Steady State Vol at Far-end ; Voh Max at Far-end ; Vol Min at Far-end ; Ringback Voltage on Rise at Far-end ; Ringback Voltage on Fall at Far-end ; 10-90 Rise Time at Far-end ; 90-10 Fall Time at Far-end ; Monotonic Rise at Far-end ; Monotonic Fall at Far-end ;
+--------------+--------------+---------------------+---------------------+------------------------------+------------------------------+---------------------+---------------------+--------------------------------------+--------------------------------------+-----------------------------+-----------------------------+----------------------------+----------------------------+-----------------------------+-----------------------------+--------------------+--------------------+-------------------------------------+-------------------------------------+----------------------------+----------------------------+---------------------------+---------------------------+
; TX           ; 2.5 V        ; 0 s                 ; 0 s                 ; 2.62 V                       ; 9.95e-08 V                   ; 2.78 V              ; -0.0452 V           ; 0.248 V                              ; 0.108 V                              ; 2.67e-10 s                  ; 2.75e-10 s                  ; No                         ; Yes                        ; 2.62 V                      ; 9.95e-08 V                  ; 2.78 V             ; -0.0452 V          ; 0.248 V                             ; 0.108 V                             ; 2.67e-10 s                 ; 2.75e-10 s                 ; No                        ; Yes                       ;
; ~ALTERA_TDO~ ; 2.5 V        ; 0 s                 ; 0 s                 ; 2.62 V                       ; 1.68e-07 V                   ; 2.73 V              ; -0.0396 V           ; 0.362 V                              ; 0.108 V                              ; 3.11e-10 s                  ; 4.42e-10 s                  ; No                         ; Yes                        ; 2.62 V                      ; 1.68e-07 V                  ; 2.73 V             ; -0.0396 V          ; 0.362 V                             ; 0.108 V                             ; 3.11e-10 s                 ; 4.42e-10 s                 ; No                        ; Yes                       ;
+--------------+--------------+---------------------+---------------------+------------------------------+------------------------------+---------------------+---------------------+--------------------------------------+--------------------------------------+-----------------------------+-----------------------------+----------------------------+----------------------------+-----------------------------+-----------------------------+--------------------+--------------------+-------------------------------------+-------------------------------------+----------------------------+----------------------------+---------------------------+---------------------------+


+-----------------------------------------------------------------------------------------------------------------------------------------------+
; Setup Transfers                                                                                                                               ;
+-------------------------------------------------+-------------------------------------------------+----------+----------+----------+----------+
; From Clock                                      ; To Clock                                        ; RR Paths ; FR Paths ; RF Paths ; FF Paths ;
+-------------------------------------------------+-------------------------------------------------+----------+----------+----------+----------+
; pll|altpll_component|auto_generated|pll1|clk[0] ; pll|altpll_component|auto_generated|pll1|clk[0] ; 460      ; 0        ; 0        ; 0        ;
; pll|altpll_component|auto_generated|pll1|clk[1] ; pll|altpll_component|auto_generated|pll1|clk[0] ; 5        ; 0        ; 0        ; 0        ;
; pll|altpll_component|auto_generated|pll1|clk[0] ; pll|altpll_component|auto_generated|pll1|clk[1] ; 5        ; 0        ; 0        ; 0        ;
; pll|altpll_component|auto_generated|pll1|clk[1] ; pll|altpll_component|auto_generated|pll1|clk[1] ; 3006     ; 0        ; 0        ; 0        ;
+-------------------------------------------------+-------------------------------------------------+----------+----------+----------+----------+
Entries labeled "false path" only account for clock-to-clock false paths and not path-based false paths. As a result, actual path counts may be lower than reported.


+-----------------------------------------------------------------------------------------------------------------------------------------------+
; Hold Transfers                                                                                                                                ;
+-------------------------------------------------+-------------------------------------------------+----------+----------+----------+----------+
; From Clock                                      ; To Clock                                        ; RR Paths ; FR Paths ; RF Paths ; FF Paths ;
+-------------------------------------------------+-------------------------------------------------+----------+----------+----------+----------+
; pll|altpll_component|auto_generated|pll1|clk[0] ; pll|altpll_component|auto_generated|pll1|clk[0] ; 460      ; 0        ; 0        ; 0        ;
; pll|altpll_component|auto_generated|pll1|clk[1] ; pll|altpll_component|auto_generated|pll1|clk[0] ; 5        ; 0        ; 0        ; 0        ;
; pll|altpll_component|auto_generated|pll1|clk[0] ; pll|altpll_component|auto_generated|pll1|clk[1] ; 5        ; 0        ; 0        ; 0        ;
; pll|altpll_component|auto_generated|pll1|clk[1] ; pll|altpll_component|auto_generated|pll1|clk[1] ; 3006     ; 0        ; 0        ; 0        ;
+-------------------------------------------------+-------------------------------------------------+----------+----------+----------+----------+
Entries labeled "false path" only account for clock-to-clock false paths and not path-based false paths. As a result, actual path counts may be lower than reported.


+-----------------------------------------------------------------------------------------------------------------------------------------------+
; Recovery Transfers                                                                                                                            ;
+-------------------------------------------------+-------------------------------------------------+----------+----------+----------+----------+
; From Clock                                      ; To Clock                                        ; RR Paths ; FR Paths ; RF Paths ; FF Paths ;
+-------------------------------------------------+-------------------------------------------------+----------+----------+----------+----------+
; pll|altpll_component|auto_generated|pll1|clk[0] ; pll|altpll_component|auto_generated|pll1|clk[0] ; 160      ; 0        ; 0        ; 0        ;
; pll|altpll_component|auto_generated|pll1|clk[1] ; pll|altpll_component|auto_generated|pll1|clk[1] ; 930      ; 0        ; 0        ; 0        ;
+-------------------------------------------------+-------------------------------------------------+----------+----------+----------+----------+
Entries labeled "false path" only account for clock-to-clock false paths and not path-based false paths. As a result, actual path counts may be lower than reported.


+-----------------------------------------------------------------------------------------------------------------------------------------------+
; Removal Transfers                                                                                                                             ;
+-------------------------------------------------+-------------------------------------------------+----------+----------+----------+----------+
; From Clock                                      ; To Clock                                        ; RR Paths ; FR Paths ; RF Paths ; FF Paths ;
+-------------------------------------------------+-------------------------------------------------+----------+----------+----------+----------+
; pll|altpll_component|auto_generated|pll1|clk[0] ; pll|altpll_component|auto_generated|pll1|clk[0] ; 160      ; 0        ; 0        ; 0        ;
; pll|altpll_component|auto_generated|pll1|clk[1] ; pll|altpll_component|auto_generated|pll1|clk[1] ; 930      ; 0        ; 0        ; 0        ;
+-------------------------------------------------+-------------------------------------------------+----------+----------+----------+----------+
Entries labeled "false path" only account for clock-to-clock false paths and not path-based false paths. As a result, actual path counts may be lower than reported.


---------------
; Report TCCS ;
---------------
No dedicated SERDES Transmitter circuitry present in device or used in design


---------------
; Report RSKM ;
---------------
No non-DPA dedicated SERDES Receiver circuitry present in device or used in design


+------------------------------------------------+
; Unconstrained Paths Summary                    ;
+---------------------------------+-------+------+
; Property                        ; Setup ; Hold ;
+---------------------------------+-------+------+
; Illegal Clocks                  ; 0     ; 0    ;
; Unconstrained Clocks            ; 0     ; 0    ;
; Unconstrained Input Ports       ; 2     ; 2    ;
; Unconstrained Input Port Paths  ; 236   ; 236  ;
; Unconstrained Output Ports      ; 1     ; 1    ;
; Unconstrained Output Port Paths ; 1     ; 1    ;
+---------------------------------+-------+------+


+-----------------------------------------------------------------------------------------------------------------------------+
; Clock Status Summary                                                                                                        ;
+-------------------------------------------------+-------------------------------------------------+-----------+-------------+
; Target                                          ; Clock                                           ; Type      ; Status      ;
+-------------------------------------------------+-------------------------------------------------+-----------+-------------+
; MAX10_CLK1_50                                   ; MAX10_CLK1_50                                   ; Base      ; Constrained ;
; pll|altpll_component|auto_generated|pll1|clk[0] ; pll|altpll_component|auto_generated|pll1|clk[0] ; Generated ; Constrained ;
; pll|altpll_component|auto_generated|pll1|clk[1] ; pll|altpll_component|auto_generated|pll1|clk[1] ; Generated ; Constrained ;
+-------------------------------------------------+-------------------------------------------------+-----------+-------------+


+---------------------------------------------------------------------------------------------------+
; Unconstrained Input Ports                                                                         ;
+------------+--------------------------------------------------------------------------------------+
; Input Port ; Comment                                                                              ;
+------------+--------------------------------------------------------------------------------------+
; KEY[0]     ; No input delay, min/max delays, false-path exceptions, or max skew assignments found ;
; RX         ; No input delay, min/max delays, false-path exceptions, or max skew assignments found ;
+------------+--------------------------------------------------------------------------------------+


+-----------------------------------------------------------------------------------------------------+
; Unconstrained Output Ports                                                                          ;
+-------------+---------------------------------------------------------------------------------------+
; Output Port ; Comment                                                                               ;
+-------------+---------------------------------------------------------------------------------------+
; TX          ; No output delay, min/max delays, false-path exceptions, or max skew assignments found ;
+-------------+---------------------------------------------------------------------------------------+


+---------------------------------------------------------------------------------------------------+
; Unconstrained Input Ports                                                                         ;
+------------+--------------------------------------------------------------------------------------+
; Input Port ; Comment                                                                              ;
+------------+--------------------------------------------------------------------------------------+
; KEY[0]     ; No input delay, min/max delays, false-path exceptions, or max skew assignments found ;
; RX         ; No input delay, min/max delays, false-path exceptions, or max skew assignments found ;
+------------+--------------------------------------------------------------------------------------+


+-----------------------------------------------------------------------------------------------------+
; Unconstrained Output Ports                                                                          ;
+-------------+---------------------------------------------------------------------------------------+
; Output Port ; Comment                                                                               ;
+-------------+---------------------------------------------------------------------------------------+
; TX          ; No output delay, min/max delays, false-path exceptions, or max skew assignments found ;
+-------------+---------------------------------------------------------------------------------------+


+--------------------------+
; Timing Analyzer Messages ;
+--------------------------+
Info: *******************************************************************
Info: Running Quartus Prime Timing Analyzer
    Info: Version 24.1std.0 Build 1077 03/04/2025 SC Lite Edition
    Info: Processing started: Thu Jan  8 09:58:34 2026
Info: Command: quartus_sta UART_TOP -c UART_TOP
Info: qsta_default_script.tcl version: #1
Warning (18236): Number of processors has not been specified which may cause overloading on shared machines.  Set the global assignment NUM_PARALLEL_PROCESSORS in your QSF to an appropriate value for best performance.
Info (20030): Parallel compilation is enabled and will use 10 of the 10 processors detected
Info (21077): Low junction temperature is 0 degrees C
Info (21077): High junction temperature is 85 degrees C
Info (332164): Evaluating HDL-embedded SDC commands
    Info (332165): Entity dcfifo_boi1
        Info (332166): set_false_path -from *rdptr_g* -to *ws_dgrp|dffpipe_ed9:dffpipe15|dffe16a* 
        Info (332166): set_false_path -from *delayed_wrptr_g* -to *rs_dgwp|dffpipe_dd9:dffpipe12|dffe13a* 
Critical Warning (332012): Synopsys Design Constraints File file not found: 'DE10_LITE.SDC'. A Synopsys Design Constraints File is required by the Timing Analyzer to get proper timing constraints. Without it, the Compiler will not properly optimize the design.
Info (332142): No user constrained generated clocks found in the design. Calling "derive_pll_clocks -create_base_clocks"
Info (332110): Deriving PLL clocks
    Info (332110): create_clock -period 20.000 -waveform {0.000 10.000} -name MAX10_CLK1_50 MAX10_CLK1_50
    Info (332110): create_generated_clock -source {pll|altpll_component|auto_generated|pll1|inclk[0]} -divide_by 15625 -multiply_by 6 -duty_cycle 50.00 -name {pll|altpll_component|auto_generated|pll1|clk[0]} {pll|altpll_component|auto_generated|pll1|clk[0]}
    Info (332110): create_generated_clock -source {pll|altpll_component|auto_generated|pll1|inclk[0]} -divide_by 15625 -multiply_by 48 -duty_cycle 50.00 -name {pll|altpll_component|auto_generated|pll1|clk[1]} {pll|altpll_component|auto_generated|pll1|clk[1]}
Info (332142): No user constrained base clocks found in the design. Calling "derive_clocks -period 1.0"
Info (332096): The command derive_clocks did not find any clocks to derive.  No clocks were created or changed.
Info (332143): No user constrained clock uncertainty found in the design. Calling "derive_clock_uncertainty"
Info (332123): Deriving Clock Uncertainty. Please refer to report_sdc in the Timing Analyzer to see clock uncertainties.
Info: Found TIMING_ANALYZER_REPORT_SCRIPT_INCLUDE_DEFAULT_ANALYSIS = ON
Info: Analyzing Slow 1200mV 85C Model
Info: Can't run Report Timing Closure Recommendations. The current device family is not supported.
Info (332146): Worst-case setup slack is 6503.715
    Info (332119):     Slack       End Point TNS Clock 
    Info (332119): ========= =================== =====================
    Info (332119):  6503.715               0.000 pll|altpll_component|auto_generated|pll1|clk[1] 
    Info (332119): 52079.201               0.000 pll|altpll_component|auto_generated|pll1|clk[0] 
Info (332146): Worst-case hold slack is 0.351
    Info (332119):     Slack       End Point TNS Clock 
    Info (332119): ========= =================== =====================
    Info (332119):     0.351               0.000 pll|altpll_component|auto_generated|pll1|clk[0] 
    Info (332119):     0.369               0.000 pll|altpll_component|auto_generated|pll1|clk[1] 
Info (332146): Worst-case recovery slack is 6504.606
    Info (332119):     Slack       End Point TNS Clock 
    Info (332119): ========= =================== =====================
    Info (332119):  6504.606               0.000 pll|altpll_component|auto_generated|pll1|clk[1] 
    Info (332119): 52077.715               0.000 pll|altpll_component|auto_generated|pll1|clk[0] 
Info (332146): Worst-case removal slack is 2.358
    Info (332119):     Slack       End Point TNS Clock 
    Info (332119): ========= =================== =====================
    Info (332119):     2.358               0.000 pll|altpll_component|auto_generated|pll1|clk[1] 
    Info (332119):     3.376               0.000 pll|altpll_component|auto_generated|pll1|clk[0] 
Info (332146): Worst-case minimum pulse width slack is 9.871
    Info (332119):     Slack       End Point TNS Clock 
    Info (332119): ========= =================== =====================
    Info (332119):     9.871               0.000 MAX10_CLK1_50 
    Info (332119):  3254.888               0.000 pll|altpll_component|auto_generated|pll1|clk[1] 
    Info (332119): 26041.373               0.000 pll|altpll_component|auto_generated|pll1|clk[0] 
Info (332114): Report Metastability: Found 10 synchronizer chains.
    Info (332114): Worst-Case MTBF of Design is 1e+09 years or 3.15e+16 seconds.
    Info (332114): Typical MTBF of Design is 1e+09 years or 3.15e+16 seconds.

    Info (332114): Number of Synchronizer Chains Found: 10
    Info (332114): Shortest Synchronizer Chain: 2 Registers
    Info (332114): Fraction of Chains for which MTBFs Could Not be Calculated: 0.000
    Info (332114): Worst Case Available Settling Time: 13016.464 ns
    Info (332114): 
    Info (332114): Worst-Case MTBF values are calculated based on the worst-case silicon characteristics, with worst-case operating conditions.
    Info (332114):   - Under worst-case conditions, an increase of 100ps in available settling time will increase MTBF values by a factor of 1.8
    Info (332114): Typical MTBF values are calculated based on the nominal silicon characteristics, at nominal operating conditions.
    Info (332114):   - Under typical conditions, an increase of 100ps in available settling time will increase MTBF values by a factor of 3.7
Info: Analyzing Slow 1200mV 0C Model
Info (334003): Started post-fitting delay annotation
Info (334004): Delay annotation completed successfully
Info (332123): Deriving Clock Uncertainty. Please refer to report_sdc in the Timing Analyzer to see clock uncertainties.
Info (332146): Worst-case setup slack is 6504.284
    Info (332119):     Slack       End Point TNS Clock 
    Info (332119): ========= =================== =====================
    Info (332119):  6504.284               0.000 pll|altpll_component|auto_generated|pll1|clk[1] 
    Info (332119): 52079.494               0.000 pll|altpll_component|auto_generated|pll1|clk[0] 
Info (332146): Worst-case hold slack is 0.302
    Info (332119):     Slack       End Point TNS Clock 
    Info (332119): ========= =================== =====================
    Info (332119):     0.302               0.000 pll|altpll_component|auto_generated|pll1|clk[0] 
    Info (332119):     0.324               0.000 pll|altpll_component|auto_generated|pll1|clk[1] 
Info (332146): Worst-case recovery slack is 6505.039
    Info (332119):     Slack       End Point TNS Clock 
    Info (332119): ========= =================== =====================
    Info (332119):  6505.039               0.000 pll|altpll_component|auto_generated|pll1|clk[1] 
    Info (332119): 52078.128               0.000 pll|altpll_component|auto_generated|pll1|clk[0] 
Info (332146): Worst-case removal slack is 2.094
    Info (332119):     Slack       End Point TNS Clock 
    Info (332119): ========= =================== =====================
    Info (332119):     2.094               0.000 pll|altpll_component|auto_generated|pll1|clk[1] 
    Info (332119):     3.044               0.000 pll|altpll_component|auto_generated|pll1|clk[0] 
Info (332146): Worst-case minimum pulse width slack is 9.893
    Info (332119):     Slack       End Point TNS Clock 
    Info (332119): ========= =================== =====================
    Info (332119):     9.893               0.000 MAX10_CLK1_50 
    Info (332119):  3254.906               0.000 pll|altpll_component|auto_generated|pll1|clk[1] 
    Info (332119): 26041.376               0.000 pll|altpll_component|auto_generated|pll1|clk[0] 
Info (332114): Report Metastability: Found 10 synchronizer chains.
    Info (332114): Worst-Case MTBF of Design is 1e+09 years or 3.15e+16 seconds.
    Info (332114): Typical MTBF of Design is 1e+09 years or 3.15e+16 seconds.

    Info (332114): Number of Synchronizer Chains Found: 10
    Info (332114): Shortest Synchronizer Chain: 2 Registers
    Info (332114): Fraction of Chains for which MTBFs Could Not be Calculated: 0.000
    Info (332114): Worst Case Available Settling Time: 13016.769 ns
    Info (332114): 
    Info (332114): Worst-Case MTBF values are calculated based on the worst-case silicon characteristics, with worst-case operating conditions.
    Info (332114):   - Under worst-case conditions, an increase of 100ps in available settling time will increase MTBF values by a factor of 1.8
    Info (332114): Typical MTBF values are calculated based on the nominal silicon characteristics, at nominal operating conditions.
    Info (332114):   - Under typical conditions, an increase of 100ps in available settling time will increase MTBF values by a factor of 3.7
Info: Analyzing Fast 1200mV 0C Model
Info (332123): Deriving Clock Uncertainty. Please refer to report_sdc in the Timing Analyzer to see clock uncertainties.
Info (332146): Worst-case setup slack is 6507.595
    Info (332119):     Slack       End Point TNS Clock 
    Info (332119): ========= =================== =====================
    Info (332119):  6507.595               0.000 pll|altpll_component|auto_generated|pll1|clk[1] 
    Info (332119): 52081.617               0.000 pll|altpll_component|auto_generated|pll1|clk[0] 
Info (332146): Worst-case hold slack is 0.159
    Info (332119):     Slack       End Point TNS Clock 
    Info (332119): ========= =================== =====================
    Info (332119):     0.159               0.000 pll|altpll_component|auto_generated|pll1|clk[0] 
    Info (332119):     0.176               0.000 pll|altpll_component|auto_generated|pll1|clk[1] 
Info (332146): Worst-case recovery slack is 6507.877
    Info (332119):     Slack       End Point TNS Clock 
    Info (332119): ========= =================== =====================
    Info (332119):  6507.877               0.000 pll|altpll_component|auto_generated|pll1|clk[1] 
    Info (332119): 52080.908               0.000 pll|altpll_component|auto_generated|pll1|clk[0] 
Info (332146): Worst-case removal slack is 1.050
    Info (332119):     Slack       End Point TNS Clock 
    Info (332119): ========= =================== =====================
    Info (332119):     1.050               0.000 pll|altpll_component|auto_generated|pll1|clk[1] 
    Info (332119):     1.522               0.000 pll|altpll_component|auto_generated|pll1|clk[0] 
Info (332146): Worst-case minimum pulse width slack is 9.666
    Info (332119):     Slack       End Point TNS Clock 
    Info (332119): ========= =================== =====================
    Info (332119):     9.666               0.000 MAX10_CLK1_50 
    Info (332119):  3254.921               0.000 pll|altpll_component|auto_generated|pll1|clk[1] 
    Info (332119): 26041.389               0.000 pll|altpll_component|auto_generated|pll1|clk[0] 
Info (332114): Report Metastability: Found 10 synchronizer chains.
    Info (332114): Worst-Case MTBF of Design is 1e+09 years or 3.15e+16 seconds.
    Info (332114): Typical MTBF of Design is 1e+09 years or 3.15e+16 seconds.

    Info (332114): Number of Synchronizer Chains Found: 10
    Info (332114): Shortest Synchronizer Chain: 2 Registers
    Info (332114): Fraction of Chains for which MTBFs Could Not be Calculated: 0.000
    Info (332114): Worst Case Available Settling Time: 13018.939 ns
    Info (332114): 
    Info (332114): Worst-Case MTBF values are calculated based on the worst-case silicon characteristics, with worst-case operating conditions.
    Info (332114):   - Under worst-case conditions, an increase of 100ps in available settling time will increase MTBF values by a factor of 1.8
    Info (332114): Typical MTBF values are calculated based on the nominal silicon characteristics, at nominal operating conditions.
    Info (332114):   - Under typical conditions, an increase of 100ps in available settling time will increase MTBF values by a factor of 3.7
Info (332102): Design is not fully constrained for setup requirements
Info (332102): Design is not fully constrained for hold requirements
Info: Quartus Prime Timing Analyzer was successful. 0 errors, 2 warnings
    Info: Peak virtual memory: 618 megabytes
    Info: Processing ended: Thu Jan  8 09:58:35 2026
    Info: Elapsed time: 00:00:01
    Info: Total CPU time (on all processors): 00:00:01


